0 verbose cli C:\Program Files\nodejs\node.exe C:\Users\paradise\AppData\Roaming\npm\node_modules\npm\bin\npm-cli.js
1 info using npm@11.3.0
2 info using node@v22.15.0
3 silly config load:file:C:\Users\paradise\AppData\Roaming\npm\node_modules\npm\npmrc
4 silly config load:file:C:\Users\paradise\.npmrc
5 silly config load:file:C:\Users\paradise\AppData\Roaming\npm\etc\npmrc
6 verbose title npm install react react-dom react-router-dom
7 verbose argv "install" "react" "react-dom" "react-router-dom"
8 verbose logfile logs-max:10 dir:C:\Users\paradise\Downloads\ts-pokedex\npm-cache\_logs\2025-07-07T07_10_41_287Z-
9 verbose logfile C:\Users\paradise\Downloads\ts-pokedex\npm-cache\_logs\2025-07-07T07_10_41_287Z-debug-0.log
10 silly logfile done cleaning log files
11 silly packumentCache heap:4345298944 maxSize:1086324736 maxEntrySize:543162368
12 silly idealTree buildDeps
13 silly fetch manifest react-router-dom@^7.6.3
14 silly packumentCache full:https://registry.npmjs.org/react-router-dom cache-miss
15 http fetch GET 200 https://registry.npmjs.org/npm 398ms
16 http fetch GET 200 https://registry.npmjs.org/react-router-dom 301ms (cache miss)
17 silly packumentCache full:https://registry.npmjs.org/react-router-dom set size:undefined disposed:false
18 silly fetch manifest react@*
19 silly packumentCache full:https://registry.npmjs.org/react cache-miss
20 http fetch GET 200 https://registry.npmjs.org/react 191ms (cache miss)
21 silly packumentCache full:https://registry.npmjs.org/react set size:undefined disposed:false
22 silly fetch manifest react-dom@*
23 silly packumentCache full:https://registry.npmjs.org/react-dom cache-miss
24 http fetch GET 200 https://registry.npmjs.org/react-dom 249ms (cache miss)
25 silly packumentCache full:https://registry.npmjs.org/react-dom set size:undefined disposed:false
26 silly placeDep ROOT react@19.1.0 REPLACE for:  want: *
27 silly placeDep ROOT react-dom@19.1.0 REPLACE for:  want: *
28 silly placeDep ROOT react-router-dom@7.6.3 REPLACE for:  want: ^7.6.3
29 silly reify moves {}
30 silly audit bulk request {
30 silly audit   '@a-type/utils': [ '1.1.0' ],
30 silly audit   '@discordjs/builders': [ '1.11.2' ],
30 silly audit   '@discordjs/collection': [ '1.5.3', '2.1.1' ],
30 silly audit   '@discordjs/formatters': [ '0.6.1' ],
30 silly audit   '@discordjs/rest': [ '2.5.0' ],
30 silly audit   '@discordjs/util': [ '1.1.1' ],
30 silly audit   '@discordjs/ws': [ '1.2.2' ],
30 silly audit   '@sapphire/async-queue': [ '1.5.5' ],
30 silly audit   '@sapphire/shapeshift': [ '4.0.0' ],
30 silly audit   '@sapphire/snowflake': [ '3.5.3' ],
30 silly audit   '@types/node': [ '22.15.17' ],
30 silly audit   '@types/prismjs': [ '1.26.5' ],
30 silly audit   '@types/ws': [ '8.18.1' ],
30 silly audit   '@vladfrangu/async_event_emitter': [ '2.4.6' ],
30 silly audit   '0g': [ '0.4.2' ],
30 silly audit   accepts: [ '2.0.0' ],
30 silly audit   asynckit: [ '0.4.0' ],
30 silly audit   autoprefixer: [ '10.4.21' ],
30 silly audit   axios: [ '1.10.0' ],
30 silly audit   'body-parser': [ '2.2.0' ],
30 silly audit   browserslist: [ '4.25.1' ],
30 silly audit   bytes: [ '3.1.2' ],
30 silly audit   'call-bind-apply-helpers': [ '1.0.2' ],
30 silly audit   'call-bound': [ '1.0.4' ],
30 silly audit   'caniuse-lite': [ '1.0.30001726' ],
30 silly audit   clsx: [ '2.1.1' ],
30 silly audit   'combined-stream': [ '1.0.8' ],
30 silly audit   'content-disposition': [ '1.0.0' ],
30 silly audit   'content-type': [ '1.0.5' ],
30 silly audit   cookie: [ '1.0.2', '0.7.2' ],
30 silly audit   'cookie-signature': [ '1.2.2' ],
30 silly audit   cors: [ '2.8.5' ],
30 silly audit   debug: [ '4.4.0' ],
30 silly audit   'delayed-stream': [ '1.0.0' ],
30 silly audit   depd: [ '2.0.0' ],
30 silly audit   'discord-api-types': [ '0.38.4' ],
30 silly audit   'discord.js': [ '14.19.3' ],
30 silly audit   dom: [ '0.0.3' ],
30 silly audit   'dunder-proto': [ '1.0.1' ],
30 silly audit   'ee-first': [ '1.1.1' ],
30 silly audit   'electron-to-chromium': [ '1.5.179' ],
30 silly audit   encodeurl: [ '2.0.0' ],
30 silly audit   'es-define-property': [ '1.0.1' ],
30 silly audit   'es-errors': [ '1.3.0' ],
30 silly audit   'es-object-atoms': [ '1.1.1' ],
30 silly audit   'es-set-tostringtag': [ '2.1.0' ],
30 silly audit   escalade: [ '3.2.0' ],
30 silly audit   'escape-html': [ '1.0.3' ],
30 silly audit   etag: [ '1.8.1' ],
30 silly audit   express: [ '5.1.0' ],
30 silly audit   'fast-deep-equal': [ '3.1.3' ],
30 silly audit   finalhandler: [ '2.1.0' ],
30 silly audit   'follow-redirects': [ '1.15.9' ],
30 silly audit   'form-data': [ '4.0.2' ],
30 silly audit   'mime-db': [ '1.52.0', '1.54.0' ],
30 silly audit   'mime-types': [ '2.1.35', '3.0.1' ],
30 silly audit   forwarded: [ '0.2.0' ],
30 silly audit   'fraction.js': [ '4.3.7' ],
30 silly audit   fresh: [ '2.0.0' ],
30 silly audit   'function-bind': [ '1.1.2' ],
30 silly audit   'get-intrinsic': [ '1.3.0' ],
30 silly audit   'get-proto': [ '1.0.1' ],
30 silly audit   gopd: [ '1.2.0' ],
30 silly audit   'has-symbols': [ '1.1.0' ],
30 silly audit   'has-tostringtag': [ '1.0.2' ],
30 silly audit   hasown: [ '2.0.2' ],
30 silly audit   'http-errors': [ '2.0.0' ],
30 silly audit   'iconv-lite': [ '0.6.3' ],
30 silly audit   inherits: [ '2.0.4' ],
30 silly audit   'ipaddr.js': [ '1.9.1' ],
30 silly audit   'is-promise': [ '4.0.0' ],
30 silly audit   lodash: [ '4.17.21' ],
30 silly audit   'lodash.snakecase': [ '4.1.1' ],
30 silly audit   'magic-bytes.js': [ '1.12.1' ],
30 silly audit   'math-intrinsics': [ '1.1.0' ],
30 silly audit   'media-typer': [ '1.1.0' ],
30 silly audit   'merge-descriptors': [ '2.0.0' ],
30 silly audit   mnemonist: [ '0.39.8' ],
30 silly audit   ms: [ '2.1.3' ],
30 silly audit   nanoid: [ '3.3.11' ],
30 silly audit   negotiator: [ '1.0.0' ],
30 silly audit   'node-releases': [ '2.0.19' ],
30 silly audit   'normalize-range': [ '0.1.2' ],
30 silly audit   'object-assign': [ '4.1.1' ],
30 silly audit   'object-inspect': [ '1.13.4' ],
30 silly audit   obliterator: [ '2.0.5' ],
30 silly audit   'on-finished': [ '2.4.1' ],
30 silly audit   once: [ '1.4.0' ],
30 silly audit   parseurl: [ '1.3.3' ],
30 silly audit   'path-to-regexp': [ '8.2.0' ],
30 silly audit   picocolors: [ '1.1.1' ],
30 silly audit   postcss: [ '8.5.6' ],
30 silly audit   'postcss-value-parser': [ '4.2.0' ],
30 silly audit   'prism-react-renderer': [ '2.4.1' ],
30 silly audit   'proxy-addr': [ '2.0.7' ],
30 silly audit   'proxy-from-env': [ '1.1.0' ],
30 silly audit   qs: [ '6.14.0' ],
30 silly audit   'range-parser': [ '1.2.1' ],
30 silly audit   'raw-body': [ '3.0.0' ],
30 silly audit   'react-router': [ '7.6.3' ],
30 silly audit   router: [ '2.2.0' ],
30 silly audit   'safe-buffer': [ '5.2.1' ],
30 silly audit   'safer-buffer': [ '2.1.2' ],
30 silly audit   scheduler: [ '0.26.0' ],
30 silly audit   send: [ '1.2.0' ],
30 silly audit   'serve-static': [ '2.2.0' ],
30 silly audit   'set-cookie-parser': [ '2.7.1' ],
30 silly audit   setprototypeof: [ '1.2.0' ],
30 silly audit   shortid: [ '2.2.17' ],
30 silly audit   'side-channel': [ '1.1.0' ],
30 silly audit   'side-channel-list': [ '1.0.0' ],
30 silly audit   'side-channel-map': [ '1.0.1' ],
30 silly audit   'side-channel-weakmap': [ '1.0.2' ],
30 silly audit   'source-map-js': [ '1.2.1' ],
30 silly audit   statuses: [ '2.0.1' ],
30 silly audit   'tailwind-scrollbar': [ '4.0.2' ],
30 silly audit   tailwindcss: [ '4.1.11' ],
30 silly audit   toidentifier: [ '1.0.1' ],
30 silly audit   'ts-mixer': [ '6.0.4' ],
30 silly audit   tslib: [ '2.8.1' ],
30 silly audit   'type-is': [ '2.0.1' ],
30 silly audit   typescript: [ '5.8.3' ],
30 silly audit   undici: [ '6.21.1' ],
30 silly audit   'undici-types': [ '6.21.0' ],
30 silly audit   unpipe: [ '1.0.0' ],
30 silly audit   'update-browserslist-db': [ '1.1.3' ],
30 silly audit   vary: [ '1.1.2' ],
30 silly audit   wrappy: [ '1.0.2' ],
30 silly audit   ws: [ '8.18.2' ],
30 silly audit   react: [ '19.1.0' ],
30 silly audit   'react-dom': [ '19.1.0' ],
30 silly audit   'react-router-dom': [ '7.6.3' ]
30 silly audit }
31 http fetch POST 200 https://registry.npmjs.org/-/npm/v1/security/advisories/bulk 249ms
32 silly audit report {
32 silly audit report   undici: [
32 silly audit report     {
32 silly audit report       id: 1104500,
32 silly audit report       url: 'https://github.com/advisories/GHSA-cxrh-j4jr-qwg3',
32 silly audit report       title: 'undici Denial of Service attack via bad certificate data',
32 silly audit report       severity: 'low',
32 silly audit report       vulnerable_versions: '>=6.0.0 <6.21.2',
32 silly audit report       cwe: [Array],
32 silly audit report       cvss: [Object]
32 silly audit report     }
32 silly audit report   ]
32 silly audit report }
33 silly packumentCache corgi:https://registry.npmjs.org/undici cache-miss
34 http fetch GET 200 https://registry.npmjs.org/undici 81ms (cache miss)
35 silly packumentCache corgi:https://registry.npmjs.org/undici set size:undefined disposed:false
36 silly packumentCache corgi:https://registry.npmjs.org/@discordjs%2frest cache-miss
37 silly packumentCache corgi:https://registry.npmjs.org/discord.js cache-miss
38 http fetch GET 200 https://registry.npmjs.org/discord.js 151ms (cache miss)
39 silly packumentCache corgi:https://registry.npmjs.org/discord.js set size:undefined disposed:false
40 http fetch GET 200 https://registry.npmjs.org/@discordjs%2frest 582ms (cache miss)
41 silly packumentCache corgi:https://registry.npmjs.org/@discordjs%2frest set size:undefined disposed:false
42 silly packumentCache corgi:https://registry.npmjs.org/@discordjs%2fws cache-miss
43 http fetch GET 200 https://registry.npmjs.org/@discordjs%2fws 563ms (cache miss)
44 silly packumentCache corgi:https://registry.npmjs.org/@discordjs%2fws set size:undefined disposed:false
45 verbose cwd C:\Users\paradise\Downloads\ts-pokedex
46 verbose os Windows_NT 10.0.26100
47 verbose node v22.15.0
48 verbose npm  v11.3.0
49 notice
49 notice New [33mminor[39m version of npm available! [33m11.3.0[39m -> [34m11.4.2[39m
49 notice Changelog: [34mhttps://github.com/npm/cli/releases/tag/v11.4.2[39m
49 notice To update run: [4mnpm install -g npm@11.4.2[24m
49 notice  { force: true, [Symbol(proc-log.meta)]: true }
50 verbose exit 0
51 info ok
