0 verbose cli C:\Program Files\nodejs\node.exe C:\Users\paradise\AppData\Roaming\npm\node_modules\npm\bin\npm-cli.js
1 info using npm@11.3.0
2 info using node@v22.15.0
3 silly config load:file:C:\Users\paradise\AppData\Roaming\npm\node_modules\npm\npmrc
4 silly config load:file:C:\Users\paradise\.npmrc
5 silly config load:file:C:\Users\paradise\AppData\Roaming\npm\etc\npmrc
6 verbose title npm install typescript @types/react @types/react-dom @types/react-router-dom vite
7 verbose argv "install" "--save-dev" "typescript" "@types/react" "@types/react-dom" "@types/react-router-dom" "vite"
8 verbose logfile logs-max:10 dir:C:\Users\paradise\Downloads\ts-pokedex\npm-cache\_logs\2025-07-07T07_10_45_550Z-
9 verbose logfile C:\Users\paradise\Downloads\ts-pokedex\npm-cache\_logs\2025-07-07T07_10_45_550Z-debug-0.log
10 silly logfile done cleaning log files
11 silly packumentCache heap:4345298944 maxSize:1086324736 maxEntrySize:543162368
12 warn idealTree Removing dependencies.typescript in favor of devDependencies.typescript
13 silly idealTree buildDeps
14 silly fetch manifest typescript@*
15 silly packumentCache full:https://registry.npmjs.org/typescript cache-miss
16 http fetch GET 200 https://registry.npmjs.org/typescript 630ms (cache miss)
17 silly packumentCache full:https://registry.npmjs.org/typescript set size:undefined disposed:false
18 silly fetch manifest @types/react@*
19 silly packumentCache full:https://registry.npmjs.org/@types%2freact cache-miss
20 http fetch GET 200 https://registry.npmjs.org/@types%2freact 130ms (cache miss)
21 silly packumentCache full:https://registry.npmjs.org/@types%2freact set size:undefined disposed:false
22 silly fetch manifest @types/react-dom@*
23 silly packumentCache full:https://registry.npmjs.org/@types%2freact-dom cache-miss
24 http fetch GET 200 https://registry.npmjs.org/@types%2freact-dom 67ms (cache miss)
25 silly packumentCache full:https://registry.npmjs.org/@types%2freact-dom set size:undefined disposed:false
26 silly fetch manifest @types/react-router-dom@*
27 silly packumentCache full:https://registry.npmjs.org/@types%2freact-router-dom cache-miss
28 http fetch GET 200 https://registry.npmjs.org/@types%2freact-router-dom 73ms (cache miss)
29 silly packumentCache full:https://registry.npmjs.org/@types%2freact-router-dom set size:undefined disposed:false
30 silly fetch manifest vite@*
31 silly packumentCache full:https://registry.npmjs.org/vite cache-miss
32 http fetch GET 200 https://registry.npmjs.org/vite 923ms (cache miss)
33 silly packumentCache full:https://registry.npmjs.org/vite set size:undefined disposed:false
34 silly fetch manifest @types/node@^20.19.0 || >=22.12.0
35 silly packumentCache full:https://registry.npmjs.org/@types%2fnode cache-miss
36 http fetch GET 200 https://registry.npmjs.org/@types%2fnode 213ms (cache miss)
37 silly packumentCache full:https://registry.npmjs.org/@types%2fnode set size:undefined disposed:false
38 silly fetch manifest jiti@>=1.21.0
39 silly packumentCache full:https://registry.npmjs.org/jiti cache-miss
40 http fetch GET 200 https://registry.npmjs.org/jiti 67ms (cache miss)
41 silly packumentCache full:https://registry.npmjs.org/jiti set size:undefined disposed:false
42 silly fetch manifest less@^4.0.0
43 silly packumentCache full:https://registry.npmjs.org/less cache-miss
44 http fetch GET 200 https://registry.npmjs.org/less 87ms (cache miss)
45 silly packumentCache full:https://registry.npmjs.org/less set size:undefined disposed:false
46 silly fetch manifest lightningcss@^1.21.0
47 silly packumentCache full:https://registry.npmjs.org/lightningcss cache-miss
48 http fetch GET 200 https://registry.npmjs.org/lightningcss 93ms (cache miss)
49 silly packumentCache full:https://registry.npmjs.org/lightningcss set size:undefined disposed:false
50 silly fetch manifest sass@^1.70.0
51 silly packumentCache full:https://registry.npmjs.org/sass cache-miss
52 http fetch GET 200 https://registry.npmjs.org/sass 62ms (cache miss)
53 silly packumentCache full:https://registry.npmjs.org/sass set size:undefined disposed:false
54 silly fetch manifest sass-embedded@^1.70.0
55 silly packumentCache full:https://registry.npmjs.org/sass-embedded cache-miss
56 http fetch GET 200 https://registry.npmjs.org/sass-embedded 59ms (cache miss)
57 silly packumentCache full:https://registry.npmjs.org/sass-embedded set size:undefined disposed:false
58 silly fetch manifest stylus@>=0.54.8
59 silly packumentCache full:https://registry.npmjs.org/stylus cache-miss
60 http fetch GET 200 https://registry.npmjs.org/stylus 47ms (cache miss)
61 silly packumentCache full:https://registry.npmjs.org/stylus set size:undefined disposed:false
62 silly fetch manifest sugarss@^5.0.0
63 silly packumentCache full:https://registry.npmjs.org/sugarss cache-miss
64 http fetch GET 200 https://registry.npmjs.org/sugarss 45ms (cache miss)
65 silly packumentCache full:https://registry.npmjs.org/sugarss set size:undefined disposed:false
66 silly fetch manifest postcss@^8.5.6
67 silly packumentCache full:https://registry.npmjs.org/postcss cache-miss
68 http fetch GET 200 https://registry.npmjs.org/postcss 68ms (cache miss)
69 silly packumentCache full:https://registry.npmjs.org/postcss set size:undefined disposed:false
70 silly fetch manifest terser@^5.16.0
71 silly packumentCache full:https://registry.npmjs.org/terser cache-miss
72 http fetch GET 200 https://registry.npmjs.org/terser 59ms (cache miss)
73 silly packumentCache full:https://registry.npmjs.org/terser set size:undefined disposed:false
74 silly fetch manifest tsx@^4.8.1
75 silly packumentCache full:https://registry.npmjs.org/tsx cache-miss
76 http fetch GET 200 https://registry.npmjs.org/tsx 44ms (cache miss)
77 silly packumentCache full:https://registry.npmjs.org/tsx set size:undefined disposed:false
78 silly fetch manifest yaml@^2.4.2
79 silly packumentCache full:https://registry.npmjs.org/yaml cache-miss
80 http fetch GET 200 https://registry.npmjs.org/yaml 46ms (cache miss)
81 silly packumentCache full:https://registry.npmjs.org/yaml set size:undefined disposed:false
82 silly placeDep ROOT @types/react@19.1.8 OK for:  want: *
83 silly placeDep ROOT @types/react-dom@19.1.6 OK for:  want: *
84 silly placeDep ROOT @types/react-router-dom@5.3.3 OK for:  want: *
85 silly placeDep ROOT typescript@5.8.3 REPLACE for:  want: *
86 silly placeDep ROOT vite@7.0.2 OK for:  want: *
87 silly fetch manifest csstype@^3.0.2
88 silly packumentCache full:https://registry.npmjs.org/csstype cache-miss
89 silly fetch manifest @types/history@^4.7.11
90 silly packumentCache full:https://registry.npmjs.org/@types%2fhistory cache-miss
91 silly fetch manifest @types/react-router@*
92 silly packumentCache full:https://registry.npmjs.org/@types%2freact-router cache-miss
93 silly fetch manifest esbuild@^0.25.0
94 silly packumentCache full:https://registry.npmjs.org/esbuild cache-miss
95 silly fetch manifest fdir@^6.4.6
96 silly packumentCache full:https://registry.npmjs.org/fdir cache-miss
97 silly fetch manifest picomatch@^4.0.2
98 silly packumentCache full:https://registry.npmjs.org/picomatch cache-miss
99 silly fetch manifest rollup@^4.40.0
100 silly packumentCache full:https://registry.npmjs.org/rollup cache-miss
101 http fetch GET 200 https://registry.npmjs.org/csstype 85ms (cache miss)
102 silly packumentCache full:https://registry.npmjs.org/csstype set size:undefined disposed:false
103 silly fetch manifest tinyglobby@^0.2.14
104 silly packumentCache full:https://registry.npmjs.org/tinyglobby cache-miss
105 http fetch GET 200 https://registry.npmjs.org/fdir 112ms (cache miss)
106 silly packumentCache full:https://registry.npmjs.org/fdir set size:undefined disposed:false
107 silly fetch manifest fsevents@~2.3.3
108 silly packumentCache full:https://registry.npmjs.org/fsevents cache-miss
109 http fetch GET 200 https://registry.npmjs.org/tinyglobby 54ms (cache miss)
110 silly packumentCache full:https://registry.npmjs.org/tinyglobby set size:undefined disposed:false
111 http fetch GET 200 https://registry.npmjs.org/@types%2freact-router 171ms (cache miss)
112 silly packumentCache full:https://registry.npmjs.org/@types%2freact-router set size:undefined disposed:false
113 http fetch GET 200 https://registry.npmjs.org/fsevents 103ms (cache miss)
114 silly packumentCache full:https://registry.npmjs.org/fsevents set size:undefined disposed:false
115 http fetch GET 200 https://registry.npmjs.org/picomatch 227ms (cache miss)
116 silly packumentCache full:https://registry.npmjs.org/picomatch set size:undefined disposed:false
117 http fetch GET 200 https://registry.npmjs.org/@types%2fhistory 241ms (cache miss)
118 silly packumentCache full:https://registry.npmjs.org/@types%2fhistory set size:undefined disposed:false
119 http fetch GET 200 https://registry.npmjs.org/esbuild 260ms (cache miss)
120 silly packumentCache full:https://registry.npmjs.org/esbuild set size:undefined disposed:false
121 http fetch GET 200 https://registry.npmjs.org/rollup 306ms (cache miss)
122 silly packumentCache full:https://registry.npmjs.org/rollup set size:undefined disposed:false
123 silly placeDep ROOT csstype@3.1.3 OK for: @types/react@19.1.8 want: ^3.0.2
124 silly placeDep ROOT @types/history@4.7.11 OK for: @types/react-router-dom@5.3.3 want: ^4.7.11
125 silly placeDep ROOT @types/react-router@5.1.20 OK for: @types/react-router-dom@5.3.3 want: *
126 silly placeDep ROOT esbuild@0.25.5 OK for: vite@7.0.2 want: ^0.25.0
127 silly placeDep ROOT fdir@6.4.6 OK for: vite@7.0.2 want: ^6.4.6
128 silly placeDep ROOT fsevents@2.3.3 OK for: vite@7.0.2 want: ~2.3.3
129 silly placeDep ROOT picomatch@4.0.2 OK for: vite@7.0.2 want: ^4.0.2
130 silly placeDep ROOT rollup@4.44.2 OK for: vite@7.0.2 want: ^4.40.0
131 silly placeDep ROOT tinyglobby@0.2.14 OK for: vite@7.0.2 want: ^0.2.14
132 silly fetch manifest @esbuild/aix-ppc64@0.25.5
133 silly packumentCache full:https://registry.npmjs.org/@esbuild%2faix-ppc64 cache-miss
134 silly fetch manifest @esbuild/android-arm@0.25.5
135 silly packumentCache full:https://registry.npmjs.org/@esbuild%2fandroid-arm cache-miss
136 silly fetch manifest @esbuild/android-arm64@0.25.5
137 silly packumentCache full:https://registry.npmjs.org/@esbuild%2fandroid-arm64 cache-miss
138 silly fetch manifest @esbuild/android-x64@0.25.5
139 silly packumentCache full:https://registry.npmjs.org/@esbuild%2fandroid-x64 cache-miss
140 silly fetch manifest @esbuild/darwin-arm64@0.25.5
141 silly packumentCache full:https://registry.npmjs.org/@esbuild%2fdarwin-arm64 cache-miss
142 silly fetch manifest @esbuild/darwin-x64@0.25.5
143 silly packumentCache full:https://registry.npmjs.org/@esbuild%2fdarwin-x64 cache-miss
144 silly fetch manifest @esbuild/freebsd-arm64@0.25.5
145 silly packumentCache full:https://registry.npmjs.org/@esbuild%2ffreebsd-arm64 cache-miss
146 http fetch GET 200 https://registry.npmjs.org/@esbuild%2faix-ppc64 70ms (cache miss)
147 silly packumentCache full:https://registry.npmjs.org/@esbuild%2faix-ppc64 set size:undefined disposed:false
148 silly fetch manifest @esbuild/freebsd-x64@0.25.5
149 silly packumentCache full:https://registry.npmjs.org/@esbuild%2ffreebsd-x64 cache-miss
150 http fetch GET 200 https://registry.npmjs.org/@esbuild%2fandroid-arm 107ms (cache miss)
151 silly packumentCache full:https://registry.npmjs.org/@esbuild%2fandroid-arm set size:undefined disposed:false
152 silly fetch manifest @esbuild/linux-arm@0.25.5
153 silly packumentCache full:https://registry.npmjs.org/@esbuild%2flinux-arm cache-miss
154 http fetch GET 200 https://registry.npmjs.org/@esbuild%2fandroid-arm64 112ms (cache miss)
155 silly packumentCache full:https://registry.npmjs.org/@esbuild%2fandroid-arm64 set size:undefined disposed:false
156 silly fetch manifest @esbuild/linux-arm64@0.25.5
157 silly packumentCache full:https://registry.npmjs.org/@esbuild%2flinux-arm64 cache-miss
158 http fetch GET 200 https://registry.npmjs.org/@esbuild%2fdarwin-x64 117ms (cache miss)
159 silly packumentCache full:https://registry.npmjs.org/@esbuild%2fdarwin-x64 set size:undefined disposed:false
160 silly fetch manifest @esbuild/linux-ia32@0.25.5
161 silly packumentCache full:https://registry.npmjs.org/@esbuild%2flinux-ia32 cache-miss
162 http fetch GET 200 https://registry.npmjs.org/@esbuild%2ffreebsd-arm64 126ms (cache miss)
163 silly packumentCache full:https://registry.npmjs.org/@esbuild%2ffreebsd-arm64 set size:undefined disposed:false
164 silly fetch manifest @esbuild/linux-loong64@0.25.5
165 silly packumentCache full:https://registry.npmjs.org/@esbuild%2flinux-loong64 cache-miss
166 http fetch GET 200 https://registry.npmjs.org/@esbuild%2fdarwin-arm64 137ms (cache miss)
167 silly packumentCache full:https://registry.npmjs.org/@esbuild%2fdarwin-arm64 set size:undefined disposed:false
168 silly fetch manifest @esbuild/linux-mips64el@0.25.5
169 silly packumentCache full:https://registry.npmjs.org/@esbuild%2flinux-mips64el cache-miss
170 http fetch GET 200 https://registry.npmjs.org/@esbuild%2ffreebsd-x64 78ms (cache miss)
171 silly packumentCache full:https://registry.npmjs.org/@esbuild%2ffreebsd-x64 set size:undefined disposed:false
172 silly fetch manifest @esbuild/linux-ppc64@0.25.5
173 silly packumentCache full:https://registry.npmjs.org/@esbuild%2flinux-ppc64 cache-miss
174 http fetch GET 200 https://registry.npmjs.org/@esbuild%2fandroid-x64 158ms (cache miss)
175 silly packumentCache full:https://registry.npmjs.org/@esbuild%2fandroid-x64 set size:undefined disposed:false
176 silly fetch manifest @esbuild/linux-riscv64@0.25.5
177 silly packumentCache full:https://registry.npmjs.org/@esbuild%2flinux-riscv64 cache-miss
178 http fetch GET 200 https://registry.npmjs.org/@esbuild%2flinux-arm 71ms (cache miss)
179 silly packumentCache full:https://registry.npmjs.org/@esbuild%2flinux-arm set size:undefined disposed:false
180 silly fetch manifest @esbuild/linux-s390x@0.25.5
181 silly packumentCache full:https://registry.npmjs.org/@esbuild%2flinux-s390x cache-miss
182 http fetch GET 200 https://registry.npmjs.org/@esbuild%2flinux-ia32 80ms (cache miss)
183 silly packumentCache full:https://registry.npmjs.org/@esbuild%2flinux-ia32 set size:undefined disposed:false
184 silly fetch manifest @esbuild/linux-x64@0.25.5
185 silly packumentCache full:https://registry.npmjs.org/@esbuild%2flinux-x64 cache-miss
186 http fetch GET 200 https://registry.npmjs.org/@esbuild%2flinux-loong64 99ms (cache miss)
187 silly packumentCache full:https://registry.npmjs.org/@esbuild%2flinux-loong64 set size:undefined disposed:false
188 silly fetch manifest @esbuild/netbsd-arm64@0.25.5
189 silly packumentCache full:https://registry.npmjs.org/@esbuild%2fnetbsd-arm64 cache-miss
190 http fetch GET 200 https://registry.npmjs.org/@esbuild%2flinux-arm64 121ms (cache miss)
191 silly packumentCache full:https://registry.npmjs.org/@esbuild%2flinux-arm64 set size:undefined disposed:false
192 silly fetch manifest @esbuild/netbsd-x64@0.25.5
193 silly packumentCache full:https://registry.npmjs.org/@esbuild%2fnetbsd-x64 cache-miss
194 http fetch GET 200 https://registry.npmjs.org/@esbuild%2flinux-mips64el 123ms (cache miss)
195 silly packumentCache full:https://registry.npmjs.org/@esbuild%2flinux-mips64el set size:undefined disposed:false
196 silly fetch manifest @esbuild/openbsd-arm64@0.25.5
197 silly packumentCache full:https://registry.npmjs.org/@esbuild%2fopenbsd-arm64 cache-miss
198 http fetch GET 200 https://registry.npmjs.org/@esbuild%2flinux-riscv64 112ms (cache miss)
199 silly packumentCache full:https://registry.npmjs.org/@esbuild%2flinux-riscv64 set size:undefined disposed:false
200 silly fetch manifest @esbuild/openbsd-x64@0.25.5
201 silly packumentCache full:https://registry.npmjs.org/@esbuild%2fopenbsd-x64 cache-miss
202 http fetch GET 200 https://registry.npmjs.org/@esbuild%2flinux-ppc64 124ms (cache miss)
203 silly packumentCache full:https://registry.npmjs.org/@esbuild%2flinux-ppc64 set size:undefined disposed:false
204 silly fetch manifest @esbuild/sunos-x64@0.25.5
205 silly packumentCache full:https://registry.npmjs.org/@esbuild%2fsunos-x64 cache-miss
206 http fetch GET 200 https://registry.npmjs.org/@esbuild%2flinux-s390x 107ms (cache miss)
207 silly packumentCache full:https://registry.npmjs.org/@esbuild%2flinux-s390x set size:undefined disposed:false
208 silly fetch manifest @esbuild/win32-arm64@0.25.5
209 silly packumentCache full:https://registry.npmjs.org/@esbuild%2fwin32-arm64 cache-miss
210 http fetch GET 200 https://registry.npmjs.org/@esbuild%2flinux-x64 102ms (cache miss)
211 silly packumentCache full:https://registry.npmjs.org/@esbuild%2flinux-x64 set size:undefined disposed:false
212 silly fetch manifest @esbuild/win32-ia32@0.25.5
213 silly packumentCache full:https://registry.npmjs.org/@esbuild%2fwin32-ia32 cache-miss
214 http fetch GET 200 https://registry.npmjs.org/@esbuild%2fnetbsd-x64 74ms (cache miss)
215 silly packumentCache full:https://registry.npmjs.org/@esbuild%2fnetbsd-x64 set size:undefined disposed:false
216 silly fetch manifest @esbuild/win32-x64@0.25.5
217 silly packumentCache full:https://registry.npmjs.org/@esbuild%2fwin32-x64 cache-miss
218 http fetch GET 200 https://registry.npmjs.org/@esbuild%2fnetbsd-arm64 94ms (cache miss)
219 silly packumentCache full:https://registry.npmjs.org/@esbuild%2fnetbsd-arm64 set size:undefined disposed:false
220 silly fetch manifest @types/estree@1.0.8
221 silly packumentCache full:https://registry.npmjs.org/@types%2festree cache-miss
222 http fetch GET 200 https://registry.npmjs.org/@esbuild%2fopenbsd-arm64 66ms (cache miss)
223 silly packumentCache full:https://registry.npmjs.org/@esbuild%2fopenbsd-arm64 set size:undefined disposed:false
224 silly fetch manifest @rollup/rollup-darwin-arm64@4.44.2
225 silly packumentCache full:https://registry.npmjs.org/@rollup%2frollup-darwin-arm64 cache-miss
226 http fetch GET 200 https://registry.npmjs.org/@esbuild%2fopenbsd-x64 90ms (cache miss)
227 silly packumentCache full:https://registry.npmjs.org/@esbuild%2fopenbsd-x64 set size:undefined disposed:false
228 silly fetch manifest @rollup/rollup-android-arm64@4.44.2
229 silly packumentCache full:https://registry.npmjs.org/@rollup%2frollup-android-arm64 cache-miss
230 http fetch GET 200 https://registry.npmjs.org/@esbuild%2fwin32-arm64 88ms (cache miss)
231 silly packumentCache full:https://registry.npmjs.org/@esbuild%2fwin32-arm64 set size:undefined disposed:false
232 silly fetch manifest @rollup/rollup-win32-arm64-msvc@4.44.2
233 silly packumentCache full:https://registry.npmjs.org/@rollup%2frollup-win32-arm64-msvc cache-miss
234 http fetch GET 200 https://registry.npmjs.org/@esbuild%2fwin32-ia32 78ms (cache miss)
235 silly packumentCache full:https://registry.npmjs.org/@esbuild%2fwin32-ia32 set size:undefined disposed:false
236 silly fetch manifest @rollup/rollup-freebsd-arm64@4.44.2
237 silly packumentCache full:https://registry.npmjs.org/@rollup%2frollup-freebsd-arm64 cache-miss
238 http fetch GET 200 https://registry.npmjs.org/@esbuild%2fwin32-x64 82ms (cache miss)
239 silly packumentCache full:https://registry.npmjs.org/@esbuild%2fwin32-x64 set size:undefined disposed:false
240 silly fetch manifest @rollup/rollup-linux-arm64-gnu@4.44.2
241 silly packumentCache full:https://registry.npmjs.org/@rollup%2frollup-linux-arm64-gnu cache-miss
242 http fetch GET 200 https://registry.npmjs.org/@types%2festree 90ms (cache miss)
243 silly packumentCache full:https://registry.npmjs.org/@types%2festree set size:undefined disposed:false
244 silly fetch manifest @rollup/rollup-linux-arm64-musl@4.44.2
245 silly packumentCache full:https://registry.npmjs.org/@rollup%2frollup-linux-arm64-musl cache-miss
246 http fetch GET 200 https://registry.npmjs.org/@esbuild%2fsunos-x64 146ms (cache miss)
247 silly packumentCache full:https://registry.npmjs.org/@esbuild%2fsunos-x64 set size:undefined disposed:false
248 silly fetch manifest @rollup/rollup-android-arm-eabi@4.44.2
249 silly packumentCache full:https://registry.npmjs.org/@rollup%2frollup-android-arm-eabi cache-miss
250 http fetch GET 200 https://registry.npmjs.org/@rollup%2frollup-darwin-arm64 97ms (cache miss)
251 silly packumentCache full:https://registry.npmjs.org/@rollup%2frollup-darwin-arm64 set size:undefined disposed:false
252 silly fetch manifest @rollup/rollup-linux-arm-gnueabihf@4.44.2
253 silly packumentCache full:https://registry.npmjs.org/@rollup%2frollup-linux-arm-gnueabihf cache-miss
254 http fetch GET 200 https://registry.npmjs.org/@rollup%2frollup-freebsd-arm64 66ms (cache miss)
255 silly packumentCache full:https://registry.npmjs.org/@rollup%2frollup-freebsd-arm64 set size:undefined disposed:false
256 silly fetch manifest @rollup/rollup-linux-arm-musleabihf@4.44.2
257 silly packumentCache full:https://registry.npmjs.org/@rollup%2frollup-linux-arm-musleabihf cache-miss
258 http fetch GET 200 https://registry.npmjs.org/@rollup%2frollup-win32-arm64-msvc 89ms (cache miss)
259 silly packumentCache full:https://registry.npmjs.org/@rollup%2frollup-win32-arm64-msvc set size:undefined disposed:false
260 silly fetch manifest @rollup/rollup-win32-ia32-msvc@4.44.2
261 silly packumentCache full:https://registry.npmjs.org/@rollup%2frollup-win32-ia32-msvc cache-miss
262 http fetch GET 200 https://registry.npmjs.org/@rollup%2frollup-linux-arm64-gnu 80ms (cache miss)
263 silly packumentCache full:https://registry.npmjs.org/@rollup%2frollup-linux-arm64-gnu set size:undefined disposed:false
264 silly fetch manifest @rollup/rollup-linux-loongarch64-gnu@4.44.2
265 silly packumentCache full:https://registry.npmjs.org/@rollup%2frollup-linux-loongarch64-gnu cache-miss
266 http fetch GET 200 https://registry.npmjs.org/@rollup%2frollup-android-arm64 124ms (cache miss)
267 silly packumentCache full:https://registry.npmjs.org/@rollup%2frollup-android-arm64 set size:undefined disposed:false
268 silly fetch manifest @rollup/rollup-linux-riscv64-gnu@4.44.2
269 silly packumentCache full:https://registry.npmjs.org/@rollup%2frollup-linux-riscv64-gnu cache-miss
270 http fetch GET 200 https://registry.npmjs.org/@rollup%2frollup-linux-arm-gnueabihf 83ms (cache miss)
271 silly packumentCache full:https://registry.npmjs.org/@rollup%2frollup-linux-arm-gnueabihf set size:undefined disposed:false
272 silly fetch manifest @rollup/rollup-linux-riscv64-musl@4.44.2
273 silly packumentCache full:https://registry.npmjs.org/@rollup%2frollup-linux-riscv64-musl cache-miss
274 http fetch GET 200 https://registry.npmjs.org/@rollup%2frollup-android-arm-eabi 107ms (cache miss)
275 silly packumentCache full:https://registry.npmjs.org/@rollup%2frollup-android-arm-eabi set size:undefined disposed:false
276 silly fetch manifest @rollup/rollup-linux-powerpc64le-gnu@4.44.2
277 silly packumentCache full:https://registry.npmjs.org/@rollup%2frollup-linux-powerpc64le-gnu cache-miss
278 http fetch GET 200 https://registry.npmjs.org/@rollup%2frollup-linux-arm-musleabihf 83ms (cache miss)
279 silly packumentCache full:https://registry.npmjs.org/@rollup%2frollup-linux-arm-musleabihf set size:undefined disposed:false
280 silly fetch manifest @rollup/rollup-linux-s390x-gnu@4.44.2
281 silly packumentCache full:https://registry.npmjs.org/@rollup%2frollup-linux-s390x-gnu cache-miss
282 http fetch GET 200 https://registry.npmjs.org/@rollup%2frollup-win32-ia32-msvc 77ms (cache miss)
283 silly packumentCache full:https://registry.npmjs.org/@rollup%2frollup-win32-ia32-msvc set size:undefined disposed:false
284 silly fetch manifest @rollup/rollup-darwin-x64@4.44.2
285 silly packumentCache full:https://registry.npmjs.org/@rollup%2frollup-darwin-x64 cache-miss
286 http fetch GET 200 https://registry.npmjs.org/@rollup%2frollup-linux-loongarch64-gnu 82ms (cache miss)
287 silly packumentCache full:https://registry.npmjs.org/@rollup%2frollup-linux-loongarch64-gnu set size:undefined disposed:false
288 silly fetch manifest @rollup/rollup-win32-x64-msvc@4.44.2
289 silly packumentCache full:https://registry.npmjs.org/@rollup%2frollup-win32-x64-msvc cache-miss
290 http fetch GET 200 https://registry.npmjs.org/@rollup%2frollup-linux-riscv64-gnu 76ms (cache miss)
291 silly packumentCache full:https://registry.npmjs.org/@rollup%2frollup-linux-riscv64-gnu set size:undefined disposed:false
292 silly fetch manifest @rollup/rollup-freebsd-x64@4.44.2
293 silly packumentCache full:https://registry.npmjs.org/@rollup%2frollup-freebsd-x64 cache-miss
294 http fetch GET 200 https://registry.npmjs.org/@rollup%2frollup-linux-arm64-musl 160ms (cache miss)
295 silly packumentCache full:https://registry.npmjs.org/@rollup%2frollup-linux-arm64-musl set size:undefined disposed:false
296 silly fetch manifest @rollup/rollup-linux-x64-gnu@4.44.2
297 silly packumentCache full:https://registry.npmjs.org/@rollup%2frollup-linux-x64-gnu cache-miss
298 http fetch GET 200 https://registry.npmjs.org/@rollup%2frollup-linux-riscv64-musl 72ms (cache miss)
299 silly packumentCache full:https://registry.npmjs.org/@rollup%2frollup-linux-riscv64-musl set size:undefined disposed:false
300 silly fetch manifest @rollup/rollup-linux-x64-musl@4.44.2
301 silly packumentCache full:https://registry.npmjs.org/@rollup%2frollup-linux-x64-musl cache-miss
302 http fetch GET 200 https://registry.npmjs.org/@rollup%2frollup-linux-powerpc64le-gnu 69ms (cache miss)
303 silly packumentCache full:https://registry.npmjs.org/@rollup%2frollup-linux-powerpc64le-gnu set size:undefined disposed:false
304 http fetch GET 200 https://registry.npmjs.org/@rollup%2frollup-linux-s390x-gnu 75ms (cache miss)
305 silly packumentCache full:https://registry.npmjs.org/@rollup%2frollup-linux-s390x-gnu set size:undefined disposed:false
306 http fetch GET 200 https://registry.npmjs.org/@rollup%2frollup-darwin-x64 75ms (cache miss)
307 silly packumentCache full:https://registry.npmjs.org/@rollup%2frollup-darwin-x64 set size:undefined disposed:false
308 http fetch GET 200 https://registry.npmjs.org/@rollup%2frollup-win32-x64-msvc 72ms (cache miss)
309 silly packumentCache full:https://registry.npmjs.org/@rollup%2frollup-win32-x64-msvc set size:undefined disposed:false
310 http fetch GET 200 https://registry.npmjs.org/@rollup%2frollup-freebsd-x64 87ms (cache miss)
311 silly packumentCache full:https://registry.npmjs.org/@rollup%2frollup-freebsd-x64 set size:undefined disposed:false
312 http fetch GET 200 https://registry.npmjs.org/@rollup%2frollup-linux-x64-musl 78ms (cache miss)
313 silly packumentCache full:https://registry.npmjs.org/@rollup%2frollup-linux-x64-musl set size:undefined disposed:false
314 http fetch GET 200 https://registry.npmjs.org/@rollup%2frollup-linux-x64-gnu 95ms (cache miss)
315 silly packumentCache full:https://registry.npmjs.org/@rollup%2frollup-linux-x64-gnu set size:undefined disposed:false
316 silly placeDep ROOT @esbuild/aix-ppc64@0.25.5 OK for: esbuild@0.25.5 want: 0.25.5
317 silly placeDep ROOT @esbuild/android-arm@0.25.5 OK for: esbuild@0.25.5 want: 0.25.5
318 silly placeDep ROOT @esbuild/android-arm64@0.25.5 OK for: esbuild@0.25.5 want: 0.25.5
319 silly placeDep ROOT @esbuild/android-x64@0.25.5 OK for: esbuild@0.25.5 want: 0.25.5
320 silly placeDep ROOT @esbuild/darwin-arm64@0.25.5 OK for: esbuild@0.25.5 want: 0.25.5
321 silly placeDep ROOT @esbuild/darwin-x64@0.25.5 OK for: esbuild@0.25.5 want: 0.25.5
322 silly placeDep ROOT @esbuild/freebsd-arm64@0.25.5 OK for: esbuild@0.25.5 want: 0.25.5
323 silly placeDep ROOT @esbuild/freebsd-x64@0.25.5 OK for: esbuild@0.25.5 want: 0.25.5
324 silly placeDep ROOT @esbuild/linux-arm@0.25.5 OK for: esbuild@0.25.5 want: 0.25.5
325 silly placeDep ROOT @esbuild/linux-arm64@0.25.5 OK for: esbuild@0.25.5 want: 0.25.5
326 silly placeDep ROOT @esbuild/linux-ia32@0.25.5 OK for: esbuild@0.25.5 want: 0.25.5
327 silly placeDep ROOT @esbuild/linux-loong64@0.25.5 OK for: esbuild@0.25.5 want: 0.25.5
328 silly placeDep ROOT @esbuild/linux-mips64el@0.25.5 OK for: esbuild@0.25.5 want: 0.25.5
329 silly placeDep ROOT @esbuild/linux-ppc64@0.25.5 OK for: esbuild@0.25.5 want: 0.25.5
330 silly placeDep ROOT @esbuild/linux-riscv64@0.25.5 OK for: esbuild@0.25.5 want: 0.25.5
331 silly placeDep ROOT @esbuild/linux-s390x@0.25.5 OK for: esbuild@0.25.5 want: 0.25.5
332 silly placeDep ROOT @esbuild/linux-x64@0.25.5 OK for: esbuild@0.25.5 want: 0.25.5
333 silly placeDep ROOT @esbuild/netbsd-arm64@0.25.5 OK for: esbuild@0.25.5 want: 0.25.5
334 silly placeDep ROOT @esbuild/netbsd-x64@0.25.5 OK for: esbuild@0.25.5 want: 0.25.5
335 silly placeDep ROOT @esbuild/openbsd-arm64@0.25.5 OK for: esbuild@0.25.5 want: 0.25.5
336 silly placeDep ROOT @esbuild/openbsd-x64@0.25.5 OK for: esbuild@0.25.5 want: 0.25.5
337 silly placeDep ROOT @esbuild/sunos-x64@0.25.5 OK for: esbuild@0.25.5 want: 0.25.5
338 silly placeDep ROOT @esbuild/win32-arm64@0.25.5 OK for: esbuild@0.25.5 want: 0.25.5
339 silly placeDep ROOT @esbuild/win32-ia32@0.25.5 OK for: esbuild@0.25.5 want: 0.25.5
340 silly placeDep ROOT @esbuild/win32-x64@0.25.5 OK for: esbuild@0.25.5 want: 0.25.5
341 silly placeDep ROOT @rollup/rollup-android-arm-eabi@4.44.2 OK for: rollup@4.44.2 want: 4.44.2
342 silly placeDep ROOT @rollup/rollup-android-arm64@4.44.2 OK for: rollup@4.44.2 want: 4.44.2
343 silly placeDep ROOT @rollup/rollup-darwin-arm64@4.44.2 OK for: rollup@4.44.2 want: 4.44.2
344 silly placeDep ROOT @rollup/rollup-darwin-x64@4.44.2 OK for: rollup@4.44.2 want: 4.44.2
345 silly placeDep ROOT @rollup/rollup-freebsd-arm64@4.44.2 OK for: rollup@4.44.2 want: 4.44.2
346 silly placeDep ROOT @rollup/rollup-freebsd-x64@4.44.2 OK for: rollup@4.44.2 want: 4.44.2
347 silly placeDep ROOT @rollup/rollup-linux-arm-gnueabihf@4.44.2 OK for: rollup@4.44.2 want: 4.44.2
348 silly placeDep ROOT @rollup/rollup-linux-arm-musleabihf@4.44.2 OK for: rollup@4.44.2 want: 4.44.2
349 silly placeDep ROOT @rollup/rollup-linux-arm64-gnu@4.44.2 OK for: rollup@4.44.2 want: 4.44.2
350 silly placeDep ROOT @rollup/rollup-linux-arm64-musl@4.44.2 OK for: rollup@4.44.2 want: 4.44.2
351 silly placeDep ROOT @rollup/rollup-linux-loongarch64-gnu@4.44.2 OK for: rollup@4.44.2 want: 4.44.2
352 silly placeDep ROOT @rollup/rollup-linux-powerpc64le-gnu@4.44.2 OK for: rollup@4.44.2 want: 4.44.2
353 silly placeDep ROOT @rollup/rollup-linux-riscv64-gnu@4.44.2 OK for: rollup@4.44.2 want: 4.44.2
354 silly placeDep ROOT @rollup/rollup-linux-riscv64-musl@4.44.2 OK for: rollup@4.44.2 want: 4.44.2
355 silly placeDep ROOT @rollup/rollup-linux-s390x-gnu@4.44.2 OK for: rollup@4.44.2 want: 4.44.2
356 silly placeDep ROOT @rollup/rollup-linux-x64-gnu@4.44.2 OK for: rollup@4.44.2 want: 4.44.2
357 silly placeDep ROOT @rollup/rollup-linux-x64-musl@4.44.2 OK for: rollup@4.44.2 want: 4.44.2
358 silly placeDep ROOT @rollup/rollup-win32-arm64-msvc@4.44.2 OK for: rollup@4.44.2 want: 4.44.2
359 silly placeDep ROOT @rollup/rollup-win32-ia32-msvc@4.44.2 OK for: rollup@4.44.2 want: 4.44.2
360 silly placeDep ROOT @rollup/rollup-win32-x64-msvc@4.44.2 OK for: rollup@4.44.2 want: 4.44.2
361 silly placeDep ROOT @types/estree@1.0.8 OK for: rollup@4.44.2 want: 1.0.8
362 silly reify moves {}
363 silly audit bulk request {
363 silly audit   '@a-type/utils': [ '1.1.0' ],
363 silly audit   '@discordjs/builders': [ '1.11.2' ],
363 silly audit   '@discordjs/collection': [ '1.5.3', '2.1.1' ],
363 silly audit   '@discordjs/formatters': [ '0.6.1' ],
363 silly audit   '@discordjs/rest': [ '2.5.0' ],
363 silly audit   '@discordjs/util': [ '1.1.1' ],
363 silly audit   '@discordjs/ws': [ '1.2.2' ],
363 silly audit   '@sapphire/async-queue': [ '1.5.5' ],
363 silly audit   '@sapphire/shapeshift': [ '4.0.0' ],
363 silly audit   '@sapphire/snowflake': [ '3.5.3' ],
363 silly audit   '@types/node': [ '22.15.17' ],
363 silly audit   '@types/prismjs': [ '1.26.5' ],
363 silly audit   '@types/ws': [ '8.18.1' ],
363 silly audit   '@vladfrangu/async_event_emitter': [ '2.4.6' ],
363 silly audit   '0g': [ '0.4.2' ],
363 silly audit   accepts: [ '2.0.0' ],
363 silly audit   asynckit: [ '0.4.0' ],
363 silly audit   autoprefixer: [ '10.4.21' ],
363 silly audit   axios: [ '1.10.0' ],
363 silly audit   'body-parser': [ '2.2.0' ],
363 silly audit   browserslist: [ '4.25.1' ],
363 silly audit   bytes: [ '3.1.2' ],
363 silly audit   'call-bind-apply-helpers': [ '1.0.2' ],
363 silly audit   'call-bound': [ '1.0.4' ],
363 silly audit   'caniuse-lite': [ '1.0.30001726' ],
363 silly audit   clsx: [ '2.1.1' ],
363 silly audit   'combined-stream': [ '1.0.8' ],
363 silly audit   'content-disposition': [ '1.0.0' ],
363 silly audit   'content-type': [ '1.0.5' ],
363 silly audit   cookie: [ '1.0.2', '0.7.2' ],
363 silly audit   'cookie-signature': [ '1.2.2' ],
363 silly audit   cors: [ '2.8.5' ],
363 silly audit   debug: [ '4.4.0' ],
363 silly audit   'delayed-stream': [ '1.0.0' ],
363 silly audit   depd: [ '2.0.0' ],
363 silly audit   'discord-api-types': [ '0.38.4' ],
363 silly audit   'discord.js': [ '14.19.3' ],
363 silly audit   dom: [ '0.0.3' ],
363 silly audit   'dunder-proto': [ '1.0.1' ],
363 silly audit   'ee-first': [ '1.1.1' ],
363 silly audit   'electron-to-chromium': [ '1.5.179' ],
363 silly audit   encodeurl: [ '2.0.0' ],
363 silly audit   'es-define-property': [ '1.0.1' ],
363 silly audit   'es-errors': [ '1.3.0' ],
363 silly audit   'es-object-atoms': [ '1.1.1' ],
363 silly audit   'es-set-tostringtag': [ '2.1.0' ],
363 silly audit   escalade: [ '3.2.0' ],
363 silly audit   'escape-html': [ '1.0.3' ],
363 silly audit   etag: [ '1.8.1' ],
363 silly audit   express: [ '5.1.0' ],
363 silly audit   'fast-deep-equal': [ '3.1.3' ],
363 silly audit   finalhandler: [ '2.1.0' ],
363 silly audit   'follow-redirects': [ '1.15.9' ],
363 silly audit   'form-data': [ '4.0.2' ],
363 silly audit   'mime-db': [ '1.52.0', '1.54.0' ],
363 silly audit   'mime-types': [ '2.1.35', '3.0.1' ],
363 silly audit   forwarded: [ '0.2.0' ],
363 silly audit   'fraction.js': [ '4.3.7' ],
363 silly audit   fresh: [ '2.0.0' ],
363 silly audit   'function-bind': [ '1.1.2' ],
363 silly audit   'get-intrinsic': [ '1.3.0' ],
363 silly audit   'get-proto': [ '1.0.1' ],
363 silly audit   gopd: [ '1.2.0' ],
363 silly audit   'has-symbols': [ '1.1.0' ],
363 silly audit   'has-tostringtag': [ '1.0.2' ],
363 silly audit   hasown: [ '2.0.2' ],
363 silly audit   'http-errors': [ '2.0.0' ],
363 silly audit   'iconv-lite': [ '0.6.3' ],
363 silly audit   inherits: [ '2.0.4' ],
363 silly audit   'ipaddr.js': [ '1.9.1' ],
363 silly audit   'is-promise': [ '4.0.0' ],
363 silly audit   lodash: [ '4.17.21' ],
363 silly audit   'lodash.snakecase': [ '4.1.1' ],
363 silly audit   'magic-bytes.js': [ '1.12.1' ],
363 silly audit   'math-intrinsics': [ '1.1.0' ],
363 silly audit   'media-typer': [ '1.1.0' ],
363 silly audit   'merge-descriptors': [ '2.0.0' ],
363 silly audit   mnemonist: [ '0.39.8' ],
363 silly audit   ms: [ '2.1.3' ],
363 silly audit   nanoid: [ '3.3.11' ],
363 silly audit   negotiator: [ '1.0.0' ],
363 silly audit   'node-releases': [ '2.0.19' ],
363 silly audit   'normalize-range': [ '0.1.2' ],
363 silly audit   'object-assign': [ '4.1.1' ],
363 silly audit   'object-inspect': [ '1.13.4' ],
363 silly audit   obliterator: [ '2.0.5' ],
363 silly audit   'on-finished': [ '2.4.1' ],
363 silly audit   once: [ '1.4.0' ],
363 silly audit   parseurl: [ '1.3.3' ],
363 silly audit   'path-to-regexp': [ '8.2.0' ],
363 silly audit   picocolors: [ '1.1.1' ],
363 silly audit   postcss: [ '8.5.6' ],
363 silly audit   'postcss-value-parser': [ '4.2.0' ],
363 silly audit   'prism-react-renderer': [ '2.4.1' ],
363 silly audit   'proxy-addr': [ '2.0.7' ],
363 silly audit   'proxy-from-env': [ '1.1.0' ],
363 silly audit   qs: [ '6.14.0' ],
363 silly audit   'range-parser': [ '1.2.1' ],
363 silly audit   'raw-body': [ '3.0.0' ],
363 silly audit   react: [ '19.1.0' ],
363 silly audit   'react-dom': [ '19.1.0' ],
363 silly audit   'react-router': [ '7.6.3' ],
363 silly audit   'react-router-dom': [ '7.6.3' ],
363 silly audit   router: [ '2.2.0' ],
363 silly audit   'safe-buffer': [ '5.2.1' ],
363 silly audit   'safer-buffer': [ '2.1.2' ],
363 silly audit   scheduler: [ '0.26.0' ],
363 silly audit   send: [ '1.2.0' ],
363 silly audit   'serve-static': [ '2.2.0' ],
363 silly audit   'set-cookie-parser': [ '2.7.1' ],
363 silly audit   setprototypeof: [ '1.2.0' ],
363 silly audit   shortid: [ '2.2.17' ],
363 silly audit   'side-channel': [ '1.1.0' ],
363 silly audit   'side-channel-list': [ '1.0.0' ],
363 silly audit   'side-channel-map': [ '1.0.1' ],
363 silly audit   'side-channel-weakmap': [ '1.0.2' ],
363 silly audit   'source-map-js': [ '1.2.1' ],
363 silly audit   statuses: [ '2.0.1' ],
363 silly audit   'tailwind-scrollbar': [ '4.0.2' ],
363 silly audit   tailwindcss: [ '4.1.11' ],
363 silly audit   toidentifier: [ '1.0.1' ],
363 silly audit   'ts-mixer': [ '6.0.4' ],
363 silly audit   tslib: [ '2.8.1' ],
363 silly audit   'type-is': [ '2.0.1' ],
363 silly audit   undici: [ '6.21.1' ],
363 silly audit   'undici-types': [ '6.21.0' ],
363 silly audit   unpipe: [ '1.0.0' ],
363 silly audit   'update-browserslist-db': [ '1.1.3' ],
363 silly audit   vary: [ '1.1.2' ],
363 silly audit   wrappy: [ '1.0.2' ],
363 silly audit   ws: [ '8.18.2' ],
363 silly audit   '@types/react': [ '19.1.8' ],
363 silly audit   '@types/react-dom': [ '19.1.6' ],
363 silly audit   '@types/react-router-dom': [ '5.3.3' ],
363 silly audit   typescript: [ '5.8.3' ],
363 silly audit   vite: [ '7.0.2' ],
363 silly audit   csstype: [ '3.1.3' ],
363 silly audit   '@types/history': [ '4.7.11' ],
363 silly audit   '@types/react-router': [ '5.1.20' ],
363 silly audit   esbuild: [ '0.25.5' ],
363 silly audit   fdir: [ '6.4.6' ],
363 silly audit   fsevents: [ '2.3.3' ],
363 silly audit   picomatch: [ '4.0.2' ],
363 silly audit   rollup: [ '4.44.2' ],
363 silly audit   tinyglobby: [ '0.2.14' ],
363 silly audit   '@esbuild/aix-ppc64': [ '0.25.5' ],
363 silly audit   '@esbuild/android-arm': [ '0.25.5' ],
363 silly audit   '@esbuild/android-arm64': [ '0.25.5' ],
363 silly audit   '@esbuild/android-x64': [ '0.25.5' ],
363 silly audit   '@esbuild/darwin-arm64': [ '0.25.5' ],
363 silly audit   '@esbuild/darwin-x64': [ '0.25.5' ],
363 silly audit   '@esbuild/freebsd-arm64': [ '0.25.5' ],
363 silly audit   '@esbuild/freebsd-x64': [ '0.25.5' ],
363 silly audit   '@esbuild/linux-arm': [ '0.25.5' ],
363 silly audit   '@esbuild/linux-arm64': [ '0.25.5' ],
363 silly audit   '@esbuild/linux-ia32': [ '0.25.5' ],
363 silly audit   '@esbuild/linux-loong64': [ '0.25.5' ],
363 silly audit   '@esbuild/linux-mips64el': [ '0.25.5' ],
363 silly audit   '@esbuild/linux-ppc64': [ '0.25.5' ],
363 silly audit   '@esbuild/linux-riscv64': [ '0.25.5' ],
363 silly audit   '@esbuild/linux-s390x': [ '0.25.5' ],
363 silly audit   '@esbuild/linux-x64': [ '0.25.5' ],
363 silly audit   '@esbuild/netbsd-arm64': [ '0.25.5' ],
363 silly audit   '@esbuild/netbsd-x64': [ '0.25.5' ],
363 silly audit   '@esbuild/openbsd-arm64': [ '0.25.5' ],
363 silly audit   '@esbuild/openbsd-x64': [ '0.25.5' ],
363 silly audit   '@esbuild/sunos-x64': [ '0.25.5' ],
363 silly audit   '@esbuild/win32-arm64': [ '0.25.5' ],
363 silly audit   '@esbuild/win32-ia32': [ '0.25.5' ],
363 silly audit   '@esbuild/win32-x64': [ '0.25.5' ],
363 silly audit   '@rollup/rollup-android-arm-eabi': [ '4.44.2' ],
363 silly audit   '@rollup/rollup-android-arm64': [ '4.44.2' ],
363 silly audit   '@rollup/rollup-darwin-arm64': [ '4.44.2' ],
363 silly audit   '@rollup/rollup-darwin-x64': [ '4.44.2' ],
363 silly audit   '@rollup/rollup-freebsd-arm64': [ '4.44.2' ],
363 silly audit   '@rollup/rollup-freebsd-x64': [ '4.44.2' ],
363 silly audit   '@rollup/rollup-linux-arm-gnueabihf': [ '4.44.2' ],
363 silly audit   '@rollup/rollup-linux-arm-musleabihf': [ '4.44.2' ],
363 silly audit   '@rollup/rollup-linux-arm64-gnu': [ '4.44.2' ],
363 silly audit   '@rollup/rollup-linux-arm64-musl': [ '4.44.2' ],
363 silly audit   '@rollup/rollup-linux-loongarch64-gnu': [ '4.44.2' ],
363 silly audit   '@rollup/rollup-linux-powerpc64le-gnu': [ '4.44.2' ],
363 silly audit   '@rollup/rollup-linux-riscv64-gnu': [ '4.44.2' ],
363 silly audit   '@rollup/rollup-linux-riscv64-musl': [ '4.44.2' ],
363 silly audit   '@rollup/rollup-linux-s390x-gnu': [ '4.44.2' ],
363 silly audit   '@rollup/rollup-linux-x64-gnu': [ '4.44.2' ],
363 silly audit   '@rollup/rollup-linux-x64-musl': [ '4.44.2' ],
363 silly audit   '@rollup/rollup-win32-arm64-msvc': [ '4.44.2' ],
363 silly audit   '@rollup/rollup-win32-ia32-msvc': [ '4.44.2' ],
363 silly audit   '@rollup/rollup-win32-x64-msvc': [ '4.44.2' ],
363 silly audit   '@types/estree': [ '1.0.8' ]
363 silly audit }
364 verbose reify failed optional dependency C:\Users\paradise\node_modules\@rollup\rollup-win32-ia32-msvc
365 silly reify mark deleted [
365 silly reify   'C:\\Users\\paradise\\node_modules\\@rollup\\rollup-win32-ia32-msvc'
365 silly reify ]
366 verbose reify failed optional dependency C:\Users\paradise\node_modules\@rollup\rollup-win32-arm64-msvc
367 silly reify mark deleted [
367 silly reify   'C:\\Users\\paradise\\node_modules\\@rollup\\rollup-win32-arm64-msvc'
367 silly reify ]
368 verbose reify failed optional dependency C:\Users\paradise\node_modules\@rollup\rollup-linux-x64-musl
369 silly reify mark deleted [ 'C:\\Users\\paradise\\node_modules\\@rollup\\rollup-linux-x64-musl' ]
370 verbose reify failed optional dependency C:\Users\paradise\node_modules\@rollup\rollup-linux-x64-gnu
371 silly reify mark deleted [ 'C:\\Users\\paradise\\node_modules\\@rollup\\rollup-linux-x64-gnu' ]
372 verbose reify failed optional dependency C:\Users\paradise\node_modules\@rollup\rollup-linux-s390x-gnu
373 silly reify mark deleted [
373 silly reify   'C:\\Users\\paradise\\node_modules\\@rollup\\rollup-linux-s390x-gnu'
373 silly reify ]
374 verbose reify failed optional dependency C:\Users\paradise\node_modules\@rollup\rollup-linux-riscv64-musl
375 silly reify mark deleted [
375 silly reify   'C:\\Users\\paradise\\node_modules\\@rollup\\rollup-linux-riscv64-musl'
375 silly reify ]
376 verbose reify failed optional dependency C:\Users\paradise\node_modules\@rollup\rollup-linux-riscv64-gnu
377 silly reify mark deleted [
377 silly reify   'C:\\Users\\paradise\\node_modules\\@rollup\\rollup-linux-riscv64-gnu'
377 silly reify ]
378 verbose reify failed optional dependency C:\Users\paradise\node_modules\@rollup\rollup-linux-powerpc64le-gnu
379 silly reify mark deleted [
379 silly reify   'C:\\Users\\paradise\\node_modules\\@rollup\\rollup-linux-powerpc64le-gnu'
379 silly reify ]
380 verbose reify failed optional dependency C:\Users\paradise\node_modules\@rollup\rollup-linux-loongarch64-gnu
381 silly reify mark deleted [
381 silly reify   'C:\\Users\\paradise\\node_modules\\@rollup\\rollup-linux-loongarch64-gnu'
381 silly reify ]
382 verbose reify failed optional dependency C:\Users\paradise\node_modules\@rollup\rollup-linux-arm64-musl
383 silly reify mark deleted [
383 silly reify   'C:\\Users\\paradise\\node_modules\\@rollup\\rollup-linux-arm64-musl'
383 silly reify ]
384 verbose reify failed optional dependency C:\Users\paradise\node_modules\@rollup\rollup-linux-arm64-gnu
385 silly reify mark deleted [
385 silly reify   'C:\\Users\\paradise\\node_modules\\@rollup\\rollup-linux-arm64-gnu'
385 silly reify ]
386 verbose reify failed optional dependency C:\Users\paradise\node_modules\@rollup\rollup-linux-arm-musleabihf
387 silly reify mark deleted [
387 silly reify   'C:\\Users\\paradise\\node_modules\\@rollup\\rollup-linux-arm-musleabihf'
387 silly reify ]
388 verbose reify failed optional dependency C:\Users\paradise\node_modules\@rollup\rollup-linux-arm-gnueabihf
389 silly reify mark deleted [
389 silly reify   'C:\\Users\\paradise\\node_modules\\@rollup\\rollup-linux-arm-gnueabihf'
389 silly reify ]
390 verbose reify failed optional dependency C:\Users\paradise\node_modules\@rollup\rollup-freebsd-x64
391 silly reify mark deleted [ 'C:\\Users\\paradise\\node_modules\\@rollup\\rollup-freebsd-x64' ]
392 verbose reify failed optional dependency C:\Users\paradise\node_modules\@rollup\rollup-freebsd-arm64
393 silly reify mark deleted [ 'C:\\Users\\paradise\\node_modules\\@rollup\\rollup-freebsd-arm64' ]
394 verbose reify failed optional dependency C:\Users\paradise\node_modules\@rollup\rollup-darwin-x64
395 silly reify mark deleted [ 'C:\\Users\\paradise\\node_modules\\@rollup\\rollup-darwin-x64' ]
396 verbose reify failed optional dependency C:\Users\paradise\node_modules\@rollup\rollup-darwin-arm64
397 silly reify mark deleted [ 'C:\\Users\\paradise\\node_modules\\@rollup\\rollup-darwin-arm64' ]
398 verbose reify failed optional dependency C:\Users\paradise\node_modules\@rollup\rollup-android-arm64
399 silly reify mark deleted [ 'C:\\Users\\paradise\\node_modules\\@rollup\\rollup-android-arm64' ]
400 verbose reify failed optional dependency C:\Users\paradise\node_modules\@rollup\rollup-android-arm-eabi
401 silly reify mark deleted [
401 silly reify   'C:\\Users\\paradise\\node_modules\\@rollup\\rollup-android-arm-eabi'
401 silly reify ]
402 verbose reify failed optional dependency C:\Users\paradise\node_modules\@esbuild\win32-ia32
403 silly reify mark deleted [ 'C:\\Users\\paradise\\node_modules\\@esbuild\\win32-ia32' ]
404 verbose reify failed optional dependency C:\Users\paradise\node_modules\@esbuild\win32-arm64
405 silly reify mark deleted [ 'C:\\Users\\paradise\\node_modules\\@esbuild\\win32-arm64' ]
406 verbose reify failed optional dependency C:\Users\paradise\node_modules\@esbuild\sunos-x64
407 silly reify mark deleted [ 'C:\\Users\\paradise\\node_modules\\@esbuild\\sunos-x64' ]
408 verbose reify failed optional dependency C:\Users\paradise\node_modules\@esbuild\openbsd-x64
409 silly reify mark deleted [ 'C:\\Users\\paradise\\node_modules\\@esbuild\\openbsd-x64' ]
410 verbose reify failed optional dependency C:\Users\paradise\node_modules\@esbuild\openbsd-arm64
411 silly reify mark deleted [ 'C:\\Users\\paradise\\node_modules\\@esbuild\\openbsd-arm64' ]
412 verbose reify failed optional dependency C:\Users\paradise\node_modules\@esbuild\netbsd-x64
413 silly reify mark deleted [ 'C:\\Users\\paradise\\node_modules\\@esbuild\\netbsd-x64' ]
414 verbose reify failed optional dependency C:\Users\paradise\node_modules\@esbuild\netbsd-arm64
415 silly reify mark deleted [ 'C:\\Users\\paradise\\node_modules\\@esbuild\\netbsd-arm64' ]
416 verbose reify failed optional dependency C:\Users\paradise\node_modules\@esbuild\linux-x64
417 silly reify mark deleted [ 'C:\\Users\\paradise\\node_modules\\@esbuild\\linux-x64' ]
418 verbose reify failed optional dependency C:\Users\paradise\node_modules\@esbuild\linux-s390x
419 silly reify mark deleted [ 'C:\\Users\\paradise\\node_modules\\@esbuild\\linux-s390x' ]
420 verbose reify failed optional dependency C:\Users\paradise\node_modules\@esbuild\linux-riscv64
421 silly reify mark deleted [ 'C:\\Users\\paradise\\node_modules\\@esbuild\\linux-riscv64' ]
422 verbose reify failed optional dependency C:\Users\paradise\node_modules\@esbuild\linux-ppc64
423 silly reify mark deleted [ 'C:\\Users\\paradise\\node_modules\\@esbuild\\linux-ppc64' ]
424 verbose reify failed optional dependency C:\Users\paradise\node_modules\@esbuild\linux-mips64el
425 silly reify mark deleted [ 'C:\\Users\\paradise\\node_modules\\@esbuild\\linux-mips64el' ]
426 verbose reify failed optional dependency C:\Users\paradise\node_modules\@esbuild\linux-loong64
427 silly reify mark deleted [ 'C:\\Users\\paradise\\node_modules\\@esbuild\\linux-loong64' ]
428 verbose reify failed optional dependency C:\Users\paradise\node_modules\@esbuild\linux-ia32
429 silly reify mark deleted [ 'C:\\Users\\paradise\\node_modules\\@esbuild\\linux-ia32' ]
430 verbose reify failed optional dependency C:\Users\paradise\node_modules\@esbuild\linux-arm64
431 silly reify mark deleted [ 'C:\\Users\\paradise\\node_modules\\@esbuild\\linux-arm64' ]
432 verbose reify failed optional dependency C:\Users\paradise\node_modules\@esbuild\linux-arm
433 silly reify mark deleted [ 'C:\\Users\\paradise\\node_modules\\@esbuild\\linux-arm' ]
434 verbose reify failed optional dependency C:\Users\paradise\node_modules\@esbuild\freebsd-x64
435 silly reify mark deleted [ 'C:\\Users\\paradise\\node_modules\\@esbuild\\freebsd-x64' ]
436 verbose reify failed optional dependency C:\Users\paradise\node_modules\@esbuild\freebsd-arm64
437 silly reify mark deleted [ 'C:\\Users\\paradise\\node_modules\\@esbuild\\freebsd-arm64' ]
438 verbose reify failed optional dependency C:\Users\paradise\node_modules\@esbuild\darwin-x64
439 silly reify mark deleted [ 'C:\\Users\\paradise\\node_modules\\@esbuild\\darwin-x64' ]
440 verbose reify failed optional dependency C:\Users\paradise\node_modules\@esbuild\darwin-arm64
441 silly reify mark deleted [ 'C:\\Users\\paradise\\node_modules\\@esbuild\\darwin-arm64' ]
442 verbose reify failed optional dependency C:\Users\paradise\node_modules\@esbuild\android-x64
443 silly reify mark deleted [ 'C:\\Users\\paradise\\node_modules\\@esbuild\\android-x64' ]
444 verbose reify failed optional dependency C:\Users\paradise\node_modules\@esbuild\android-arm64
445 silly reify mark deleted [ 'C:\\Users\\paradise\\node_modules\\@esbuild\\android-arm64' ]
446 verbose reify failed optional dependency C:\Users\paradise\node_modules\@esbuild\android-arm
447 silly reify mark deleted [ 'C:\\Users\\paradise\\node_modules\\@esbuild\\android-arm' ]
448 verbose reify failed optional dependency C:\Users\paradise\node_modules\@esbuild\aix-ppc64
449 silly reify mark deleted [ 'C:\\Users\\paradise\\node_modules\\@esbuild\\aix-ppc64' ]
450 verbose reify failed optional dependency C:\Users\paradise\node_modules\fsevents
451 silly reify mark deleted [ 'C:\\Users\\paradise\\node_modules\\fsevents' ]
452 http cache @types/estree@https://registry.npmjs.org/@types/estree/-/estree-1.0.8.tgz 0ms (cache hit)
453 http cache @rollup/rollup-win32-x64-msvc@https://registry.npmjs.org/@rollup/rollup-win32-x64-msvc/-/rollup-win32-x64-msvc-4.44.2.tgz 0ms (cache hit)
454 http cache @esbuild/win32-x64@https://registry.npmjs.org/@esbuild/win32-x64/-/win32-x64-0.25.5.tgz 0ms (cache hit)
455 http cache tinyglobby@https://registry.npmjs.org/tinyglobby/-/tinyglobby-0.2.14.tgz 0ms (cache hit)
456 http cache rollup@https://registry.npmjs.org/rollup/-/rollup-4.44.2.tgz 1ms (cache hit)
457 http cache picomatch@https://registry.npmjs.org/picomatch/-/picomatch-4.0.2.tgz 0ms (cache hit)
458 http cache fdir@https://registry.npmjs.org/fdir/-/fdir-6.4.6.tgz 0ms (cache hit)
459 http cache @types/react-router@https://registry.npmjs.org/@types/react-router/-/react-router-5.1.20.tgz 0ms (cache hit)
460 http cache esbuild@https://registry.npmjs.org/esbuild/-/esbuild-0.25.5.tgz 0ms (cache hit)
461 http cache csstype@https://registry.npmjs.org/csstype/-/csstype-3.1.3.tgz 0ms (cache hit)
462 http cache @types/history@https://registry.npmjs.org/@types/history/-/history-4.7.11.tgz 0ms (cache hit)
463 http cache @types/react-router-dom@https://registry.npmjs.org/@types/react-router-dom/-/react-router-dom-5.3.3.tgz 0ms (cache hit)
464 http cache vite@https://registry.npmjs.org/vite/-/vite-7.0.2.tgz 0ms (cache hit)
465 silly tarball no local data for @types/estree@https://registry.npmjs.org/@types/estree/-/estree-1.0.8.tgz. Extracting by manifest.
466 silly tarball no local data for @rollup/rollup-win32-x64-msvc@https://registry.npmjs.org/@rollup/rollup-win32-x64-msvc/-/rollup-win32-x64-msvc-4.44.2.tgz. Extracting by manifest.
467 http cache @types/react-dom@https://registry.npmjs.org/@types/react-dom/-/react-dom-19.1.6.tgz 0ms (cache hit)
468 silly tarball no local data for @esbuild/win32-x64@https://registry.npmjs.org/@esbuild/win32-x64/-/win32-x64-0.25.5.tgz. Extracting by manifest.
469 http cache @types/react@https://registry.npmjs.org/@types/react/-/react-19.1.8.tgz 0ms (cache hit)
470 silly tarball no local data for tinyglobby@https://registry.npmjs.org/tinyglobby/-/tinyglobby-0.2.14.tgz. Extracting by manifest.
471 silly tarball no local data for rollup@https://registry.npmjs.org/rollup/-/rollup-4.44.2.tgz. Extracting by manifest.
472 silly tarball no local data for picomatch@https://registry.npmjs.org/picomatch/-/picomatch-4.0.2.tgz. Extracting by manifest.
473 silly tarball no local data for fdir@https://registry.npmjs.org/fdir/-/fdir-6.4.6.tgz. Extracting by manifest.
474 silly tarball no local data for @types/react-router@https://registry.npmjs.org/@types/react-router/-/react-router-5.1.20.tgz. Extracting by manifest.
475 silly tarball no local data for esbuild@https://registry.npmjs.org/esbuild/-/esbuild-0.25.5.tgz. Extracting by manifest.
476 silly tarball no local data for csstype@https://registry.npmjs.org/csstype/-/csstype-3.1.3.tgz. Extracting by manifest.
477 silly tarball no local data for @types/history@https://registry.npmjs.org/@types/history/-/history-4.7.11.tgz. Extracting by manifest.
478 silly tarball no local data for @types/react-router-dom@https://registry.npmjs.org/@types/react-router-dom/-/react-router-dom-5.3.3.tgz. Extracting by manifest.
479 silly tarball no local data for vite@https://registry.npmjs.org/vite/-/vite-7.0.2.tgz. Extracting by manifest.
480 silly tarball no local data for @types/react-dom@https://registry.npmjs.org/@types/react-dom/-/react-dom-19.1.6.tgz. Extracting by manifest.
481 silly tarball no local data for @types/react@https://registry.npmjs.org/@types/react/-/react-19.1.8.tgz. Extracting by manifest.
482 http fetch POST 200 https://registry.npmjs.org/-/npm/v1/security/advisories/bulk 284ms
483 silly audit report {
483 silly audit report   undici: [
483 silly audit report     {
483 silly audit report       id: 1104500,
483 silly audit report       url: 'https://github.com/advisories/GHSA-cxrh-j4jr-qwg3',
483 silly audit report       title: 'undici Denial of Service attack via bad certificate data',
483 silly audit report       severity: 'low',
483 silly audit report       vulnerable_versions: '>=6.0.0 <6.21.2',
483 silly audit report       cwe: [Array],
483 silly audit report       cvss: [Object]
483 silly audit report     }
483 silly audit report   ]
483 silly audit report }
484 silly packumentCache corgi:https://registry.npmjs.org/undici cache-miss
485 http fetch GET 200 https://registry.npmjs.org/@types/estree/-/estree-1.0.8.tgz 320ms (cache miss)
486 http fetch GET 200 https://registry.npmjs.org/tinyglobby/-/tinyglobby-0.2.14.tgz 334ms (cache miss)
487 http cache https://registry.npmjs.org/undici 134ms (cache hit)
488 silly packumentCache corgi:https://registry.npmjs.org/undici set size:389028 disposed:false
489 silly packumentCache corgi:https://registry.npmjs.org/@discordjs%2frest cache-miss
490 silly packumentCache corgi:https://registry.npmjs.org/discord.js cache-miss
491 http fetch GET 200 https://registry.npmjs.org/@types/react-router/-/react-router-5.1.20.tgz 401ms (cache miss)
492 http fetch GET 200 https://registry.npmjs.org/@types/react-router-dom/-/react-router-dom-5.3.3.tgz 434ms (cache miss)
493 http cache https://registry.npmjs.org/@discordjs%2frest 87ms (cache hit)
494 silly packumentCache corgi:https://registry.npmjs.org/@discordjs%2frest set size:2620103 disposed:false
495 http cache https://registry.npmjs.org/discord.js 165ms (cache hit)
496 silly packumentCache corgi:https://registry.npmjs.org/discord.js set size:3708081 disposed:false
497 silly packumentCache corgi:https://registry.npmjs.org/@discordjs%2fws cache-miss
498 http fetch GET 200 https://registry.npmjs.org/picomatch/-/picomatch-4.0.2.tgz 635ms (cache miss)
499 http cache https://registry.npmjs.org/@discordjs%2fws 142ms (cache hit)
500 silly packumentCache corgi:https://registry.npmjs.org/@discordjs%2fws set size:2434889 disposed:false
501 http fetch GET 200 https://registry.npmjs.org/esbuild/-/esbuild-0.25.5.tgz 850ms (cache miss)
502 http fetch GET 200 https://registry.npmjs.org/@types/react-dom/-/react-dom-19.1.6.tgz 880ms (cache miss)
503 http fetch GET 200 https://registry.npmjs.org/@types/history/-/history-4.7.11.tgz 891ms (cache miss)
504 http fetch GET 200 https://registry.npmjs.org/csstype/-/csstype-3.1.3.tgz 937ms (cache miss)
505 http fetch GET 200 https://registry.npmjs.org/@types/react/-/react-19.1.8.tgz 980ms (cache miss)
506 http fetch GET 200 https://registry.npmjs.org/@rollup/rollup-win32-x64-msvc/-/rollup-win32-x64-msvc-4.44.2.tgz 1085ms (cache miss)
507 http fetch GET 200 https://registry.npmjs.org/fdir/-/fdir-6.4.6.tgz 1083ms (cache miss)
508 http fetch GET 200 https://registry.npmjs.org/rollup/-/rollup-4.44.2.tgz 1141ms (cache miss)
509 http fetch GET 200 https://registry.npmjs.org/vite/-/vite-7.0.2.tgz 1211ms (cache miss)
510 http fetch GET 200 https://registry.npmjs.org/@esbuild/win32-x64/-/win32-x64-0.25.5.tgz 1242ms (cache miss)
511 info run esbuild@0.25.5 postinstall node_modules/esbuild node install.js
512 info run esbuild@0.25.5 postinstall { code: 0, signal: null }
513 silly ADD node_modules/@types/estree
514 silly ADD node_modules/@rollup/rollup-win32-x64-msvc
515 silly ADD node_modules/@rollup/rollup-win32-ia32-msvc
516 silly ADD node_modules/@rollup/rollup-win32-arm64-msvc
517 silly ADD node_modules/@rollup/rollup-linux-x64-musl
518 silly ADD node_modules/@rollup/rollup-linux-x64-gnu
519 silly ADD node_modules/@rollup/rollup-linux-s390x-gnu
520 silly ADD node_modules/@rollup/rollup-linux-riscv64-musl
521 silly ADD node_modules/@rollup/rollup-linux-riscv64-gnu
522 silly ADD node_modules/@rollup/rollup-linux-powerpc64le-gnu
523 silly ADD node_modules/@rollup/rollup-linux-loongarch64-gnu
524 silly ADD node_modules/@rollup/rollup-linux-arm64-musl
525 silly ADD node_modules/@rollup/rollup-linux-arm64-gnu
526 silly ADD node_modules/@rollup/rollup-linux-arm-musleabihf
527 silly ADD node_modules/@rollup/rollup-linux-arm-gnueabihf
528 silly ADD node_modules/@rollup/rollup-freebsd-x64
529 silly ADD node_modules/@rollup/rollup-freebsd-arm64
530 silly ADD node_modules/@rollup/rollup-darwin-x64
531 silly ADD node_modules/@rollup/rollup-darwin-arm64
532 silly ADD node_modules/@rollup/rollup-android-arm64
533 silly ADD node_modules/@rollup/rollup-android-arm-eabi
534 silly ADD node_modules/@esbuild/win32-x64
535 silly ADD node_modules/@esbuild/win32-ia32
536 silly ADD node_modules/@esbuild/win32-arm64
537 silly ADD node_modules/@esbuild/sunos-x64
538 silly ADD node_modules/@esbuild/openbsd-x64
539 silly ADD node_modules/@esbuild/openbsd-arm64
540 silly ADD node_modules/@esbuild/netbsd-x64
541 silly ADD node_modules/@esbuild/netbsd-arm64
542 silly ADD node_modules/@esbuild/linux-x64
543 silly ADD node_modules/@esbuild/linux-s390x
544 silly ADD node_modules/@esbuild/linux-riscv64
545 silly ADD node_modules/@esbuild/linux-ppc64
546 silly ADD node_modules/@esbuild/linux-mips64el
547 silly ADD node_modules/@esbuild/linux-loong64
548 silly ADD node_modules/@esbuild/linux-ia32
549 silly ADD node_modules/@esbuild/linux-arm64
550 silly ADD node_modules/@esbuild/linux-arm
551 silly ADD node_modules/@esbuild/freebsd-x64
552 silly ADD node_modules/@esbuild/freebsd-arm64
553 silly ADD node_modules/@esbuild/darwin-x64
554 silly ADD node_modules/@esbuild/darwin-arm64
555 silly ADD node_modules/@esbuild/android-x64
556 silly ADD node_modules/@esbuild/android-arm64
557 silly ADD node_modules/@esbuild/android-arm
558 silly ADD node_modules/@esbuild/aix-ppc64
559 silly ADD node_modules/tinyglobby
560 silly ADD node_modules/rollup
561 silly ADD node_modules/picomatch
562 silly ADD node_modules/fsevents
563 silly ADD node_modules/fdir
564 silly ADD node_modules/esbuild
565 silly ADD node_modules/@types/react-router
566 silly ADD node_modules/@types/history
567 silly ADD node_modules/csstype
568 silly ADD node_modules/vite
569 silly ADD node_modules/@types/react-router-dom
570 silly ADD node_modules/@types/react-dom
571 silly ADD node_modules/@types/react
572 verbose cwd C:\Users\paradise\Downloads\ts-pokedex
573 verbose os Windows_NT 10.0.26100
574 verbose node v22.15.0
575 verbose npm  v11.3.0
576 verbose exit 0
577 info ok
