0 verbose cli C:\Program Files\nodejs\node.exe C:\Users\paradise\AppData\Roaming\npm\node_modules\npm\bin\npm-cli.js
1 info using npm@11.3.0
2 info using node@v22.15.0
3 silly config load:file:C:\Users\paradise\AppData\Roaming\npm\node_modules\npm\npmrc
4 silly config load:file:C:\Users\paradise\Downloads\ts-pokedex\.npmrc
5 silly config load:file:C:\Users\paradise\.npmrc
6 silly config load:file:C:\Users\paradise\AppData\Roaming\npm\etc\npmrc
7 verbose title npm install @vitejs/plugin-react
8 verbose argv "install" "--save-dev" "@vitejs/plugin-react"
9 verbose logfile logs-max:10 dir:C:\Users\paradise\Downloads\ts-pokedex\npm-cache\_logs\2025-07-07T07_14_13_129Z-
10 verbose logfile C:\Users\paradise\Downloads\ts-pokedex\npm-cache\_logs\2025-07-07T07_14_13_129Z-debug-0.log
11 silly logfile done cleaning log files
12 silly packumentCache heap:4345298944 maxSize:1086324736 maxEntrySize:543162368
13 silly idealTree buildDeps
14 silly fetch manifest @vitejs/plugin-react@*
15 silly packumentCache full:https://registry.npmjs.org/@vitejs%2fplugin-react cache-miss
16 http fetch GET 200 https://registry.npmjs.org/@vitejs%2fplugin-react 192ms (cache miss)
17 silly packumentCache full:https://registry.npmjs.org/@vitejs%2fplugin-react set size:undefined disposed:false
18 silly fetch manifest vite@^4.2.0 || ^5.0.0 || ^6.0.0 || ^7.0.0-beta.0
19 silly packumentCache full:https://registry.npmjs.org/vite cache-miss
20 http cache https://registry.npmjs.org/vite 93ms (cache hit)
21 silly packumentCache full:https://registry.npmjs.org/vite set size:38437001 disposed:false
22 silly fetch manifest @types/node@^20.19.0 || >=22.12.0
23 silly packumentCache full:https://registry.npmjs.org/@types%2fnode cache-miss
24 http cache https://registry.npmjs.org/@types%2fnode 28ms (cache hit)
25 silly packumentCache full:https://registry.npmjs.org/@types%2fnode set size:10360744 disposed:false
26 silly fetch manifest jiti@>=1.21.0
27 silly packumentCache full:https://registry.npmjs.org/jiti cache-miss
28 http cache https://registry.npmjs.org/jiti 9ms (cache hit)
29 silly packumentCache full:https://registry.npmjs.org/jiti set size:363881 disposed:false
30 silly fetch manifest less@^4.0.0
31 silly packumentCache full:https://registry.npmjs.org/less cache-miss
32 http cache https://registry.npmjs.org/less 10ms (cache hit)
33 silly packumentCache full:https://registry.npmjs.org/less set size:413596 disposed:false
34 silly fetch manifest lightningcss@^1.21.0
35 silly packumentCache full:https://registry.npmjs.org/lightningcss cache-miss
36 http cache https://registry.npmjs.org/lightningcss 10ms (cache hit)
37 silly packumentCache full:https://registry.npmjs.org/lightningcss set size:169503 disposed:false
38 silly fetch manifest sass@^1.70.0
39 silly packumentCache full:https://registry.npmjs.org/sass cache-miss
40 http cache https://registry.npmjs.org/sass 10ms (cache hit)
41 silly packumentCache full:https://registry.npmjs.org/sass set size:683895 disposed:false
42 silly fetch manifest sass-embedded@^1.70.0
43 silly packumentCache full:https://registry.npmjs.org/sass-embedded cache-miss
44 http cache https://registry.npmjs.org/sass-embedded 7ms (cache hit)
45 silly packumentCache full:https://registry.npmjs.org/sass-embedded set size:352957 disposed:false
46 silly fetch manifest stylus@>=0.54.8
47 silly packumentCache full:https://registry.npmjs.org/stylus cache-miss
48 http cache https://registry.npmjs.org/stylus 8ms (cache hit)
49 silly packumentCache full:https://registry.npmjs.org/stylus set size:286766 disposed:false
50 silly fetch manifest sugarss@^5.0.0
51 silly packumentCache full:https://registry.npmjs.org/sugarss cache-miss
52 http cache https://registry.npmjs.org/sugarss 8ms (cache hit)
53 silly packumentCache full:https://registry.npmjs.org/sugarss set size:43245 disposed:false
54 silly fetch manifest postcss@^8.3.3
55 silly packumentCache full:https://registry.npmjs.org/postcss cache-miss
56 http cache https://registry.npmjs.org/postcss 11ms (cache hit)
57 silly packumentCache full:https://registry.npmjs.org/postcss set size:696262 disposed:false
58 silly fetch manifest terser@^5.16.0
59 silly packumentCache full:https://registry.npmjs.org/terser cache-miss
60 http cache https://registry.npmjs.org/terser 10ms (cache hit)
61 silly packumentCache full:https://registry.npmjs.org/terser set size:773562 disposed:false
62 silly fetch manifest tsx@^4.8.1
63 silly packumentCache full:https://registry.npmjs.org/tsx cache-miss
64 http cache https://registry.npmjs.org/tsx 8ms (cache hit)
65 silly packumentCache full:https://registry.npmjs.org/tsx set size:280496 disposed:false
66 silly fetch manifest yaml@^2.4.2
67 silly packumentCache full:https://registry.npmjs.org/yaml cache-miss
68 http cache https://registry.npmjs.org/yaml 8ms (cache hit)
69 silly packumentCache full:https://registry.npmjs.org/yaml set size:357940 disposed:false
70 silly placeDep ROOT @vitejs/plugin-react@4.6.0 OK for: ts-pokedex@1.0.0 want: *
71 silly placeDep ROOT vite@7.0.2 OK for: @vitejs/plugin-react@4.6.0 want: ^4.2.0 || ^5.0.0 || ^6.0.0 || ^7.0.0-beta.0
72 silly fetch manifest @babel/core@^7.27.4
73 silly packumentCache full:https://registry.npmjs.org/@babel%2fcore cache-miss
74 silly fetch manifest @babel/plugin-transform-react-jsx-self@^7.27.1
75 silly packumentCache full:https://registry.npmjs.org/@babel%2fplugin-transform-react-jsx-self cache-miss
76 silly fetch manifest @babel/plugin-transform-react-jsx-source@^7.27.1
77 silly packumentCache full:https://registry.npmjs.org/@babel%2fplugin-transform-react-jsx-source cache-miss
78 silly fetch manifest @rolldown/pluginutils@1.0.0-beta.19
79 silly packumentCache full:https://registry.npmjs.org/@rolldown%2fpluginutils cache-miss
80 silly fetch manifest @types/babel__core@^7.20.5
81 silly packumentCache full:https://registry.npmjs.org/@types%2fbabel__core cache-miss
82 silly fetch manifest react-refresh@^0.17.0
83 silly packumentCache full:https://registry.npmjs.org/react-refresh cache-miss
84 silly fetch manifest esbuild@^0.25.0
85 silly packumentCache full:https://registry.npmjs.org/esbuild cache-miss
86 http cache https://registry.npmjs.org/esbuild 28ms (cache hit)
87 silly packumentCache full:https://registry.npmjs.org/esbuild set size:1213289 disposed:false
88 silly fetch manifest fdir@^6.4.6
89 silly packumentCache full:https://registry.npmjs.org/fdir cache-miss
90 http cache https://registry.npmjs.org/fdir 33ms (cache hit)
91 silly packumentCache full:https://registry.npmjs.org/fdir set size:133091 disposed:false
92 silly fetch manifest picomatch@^4.0.2
93 silly packumentCache full:https://registry.npmjs.org/picomatch cache-miss
94 http cache https://registry.npmjs.org/picomatch 10ms (cache hit)
95 silly packumentCache full:https://registry.npmjs.org/picomatch set size:116191 disposed:false
96 silly fetch manifest postcss@^8.5.6
97 silly packumentCache full:https://registry.npmjs.org/postcss cache-hit
98 silly fetch manifest rollup@^4.40.0
99 silly packumentCache full:https://registry.npmjs.org/rollup cache-miss
100 http fetch GET 200 https://registry.npmjs.org/@babel%2fcore 90ms (cache miss)
101 silly packumentCache full:https://registry.npmjs.org/@babel%2fcore set size:undefined disposed:false
102 silly fetch manifest tinyglobby@^0.2.14
103 silly packumentCache full:https://registry.npmjs.org/tinyglobby cache-miss
104 http cache https://registry.npmjs.org/rollup 45ms (cache hit)
105 silly packumentCache full:https://registry.npmjs.org/rollup set size:5585786 disposed:false
106 silly fetch manifest fsevents@~2.3.3
107 silly packumentCache full:https://registry.npmjs.org/fsevents cache-miss
108 http cache https://registry.npmjs.org/tinyglobby 95ms (cache hit)
109 silly packumentCache full:https://registry.npmjs.org/tinyglobby set size:49873 disposed:false
110 http cache https://registry.npmjs.org/fsevents 22ms (cache hit)
111 silly packumentCache full:https://registry.npmjs.org/fsevents set size:182472 disposed:false
112 http fetch GET 200 https://registry.npmjs.org/@rolldown%2fpluginutils 209ms (cache miss)
113 silly packumentCache full:https://registry.npmjs.org/@rolldown%2fpluginutils set size:undefined disposed:false
114 http fetch GET 200 https://registry.npmjs.org/@types%2fbabel__core 225ms (cache miss)
115 silly packumentCache full:https://registry.npmjs.org/@types%2fbabel__core set size:undefined disposed:false
116 http fetch GET 200 https://registry.npmjs.org/@babel%2fplugin-transform-react-jsx-self 229ms (cache miss)
117 silly packumentCache full:https://registry.npmjs.org/@babel%2fplugin-transform-react-jsx-self set size:undefined disposed:false
118 http fetch GET 200 https://registry.npmjs.org/@babel%2fplugin-transform-react-jsx-source 233ms (cache miss)
119 silly packumentCache full:https://registry.npmjs.org/@babel%2fplugin-transform-react-jsx-source set size:undefined disposed:false
120 http fetch GET 200 https://registry.npmjs.org/react-refresh 315ms (cache miss)
121 silly packumentCache full:https://registry.npmjs.org/react-refresh set size:undefined disposed:false
122 silly placeDep ROOT @babel/core@7.28.0 OK for: @vitejs/plugin-react@4.6.0 want: ^7.27.4
123 silly placeDep ROOT @babel/plugin-transform-react-jsx-self@7.27.1 OK for: @vitejs/plugin-react@4.6.0 want: ^7.27.1
124 silly placeDep ROOT @babel/plugin-transform-react-jsx-source@7.27.1 OK for: @vitejs/plugin-react@4.6.0 want: ^7.27.1
125 silly placeDep ROOT @rolldown/pluginutils@1.0.0-beta.19 OK for: @vitejs/plugin-react@4.6.0 want: 1.0.0-beta.19
126 silly placeDep ROOT @types/babel__core@7.20.5 OK for: @vitejs/plugin-react@4.6.0 want: ^7.20.5
127 silly placeDep ROOT react-refresh@0.17.0 OK for: @vitejs/plugin-react@4.6.0 want: ^0.17.0
128 silly fetch manifest debug@^4.1.0
129 silly packumentCache full:https://registry.npmjs.org/debug cache-miss
130 silly fetch manifest json5@^2.2.3
131 silly packumentCache full:https://registry.npmjs.org/json5 cache-miss
132 silly fetch manifest semver@^6.3.1
133 silly packumentCache full:https://registry.npmjs.org/semver cache-miss
134 silly fetch manifest gensync@^1.0.0-beta.2
135 silly packumentCache full:https://registry.npmjs.org/gensync cache-miss
136 silly fetch manifest @babel/types@^7.28.0
137 silly packumentCache full:https://registry.npmjs.org/@babel%2ftypes cache-miss
138 silly fetch manifest @babel/parser@^7.28.0
139 silly packumentCache full:https://registry.npmjs.org/@babel%2fparser cache-miss
140 silly fetch manifest @babel/helpers@^7.27.6
141 silly packumentCache full:https://registry.npmjs.org/@babel%2fhelpers cache-miss
142 http fetch GET 200 https://registry.npmjs.org/debug 82ms (cache miss)
143 silly packumentCache full:https://registry.npmjs.org/debug set size:undefined disposed:false
144 silly fetch manifest @babel/template@^7.27.2
145 silly packumentCache full:https://registry.npmjs.org/@babel%2ftemplate cache-miss
146 http fetch GET 200 https://registry.npmjs.org/gensync 88ms (cache miss)
147 silly packumentCache full:https://registry.npmjs.org/gensync set size:undefined disposed:false
148 silly fetch manifest @babel/traverse@^7.28.0
149 silly packumentCache full:https://registry.npmjs.org/@babel%2ftraverse cache-miss
150 http fetch GET 200 https://registry.npmjs.org/json5 90ms (cache miss)
151 silly packumentCache full:https://registry.npmjs.org/json5 set size:undefined disposed:false
152 silly fetch manifest @babel/generator@^7.28.0
153 silly packumentCache full:https://registry.npmjs.org/@babel%2fgenerator cache-miss
154 http fetch GET 200 https://registry.npmjs.org/semver 107ms (cache miss)
155 silly packumentCache full:https://registry.npmjs.org/semver set size:undefined disposed:false
156 silly fetch manifest @babel/code-frame@^7.27.1
157 silly packumentCache full:https://registry.npmjs.org/@babel%2fcode-frame cache-miss
158 http fetch GET 200 https://registry.npmjs.org/@babel%2ftypes 121ms (cache miss)
159 silly packumentCache full:https://registry.npmjs.org/@babel%2ftypes set size:undefined disposed:false
160 silly fetch manifest convert-source-map@^2.0.0
161 silly packumentCache full:https://registry.npmjs.org/convert-source-map cache-miss
162 http fetch GET 200 https://registry.npmjs.org/@babel%2fparser 126ms (cache miss)
163 silly packumentCache full:https://registry.npmjs.org/@babel%2fparser set size:undefined disposed:false
164 silly fetch manifest @ampproject/remapping@^2.2.0
165 silly packumentCache full:https://registry.npmjs.org/@ampproject%2fremapping cache-miss
166 http fetch GET 200 https://registry.npmjs.org/@babel%2ftemplate 118ms (cache miss)
167 silly packumentCache full:https://registry.npmjs.org/@babel%2ftemplate set size:undefined disposed:false
168 silly fetch manifest @babel/helper-module-transforms@^7.27.3
169 silly packumentCache full:https://registry.npmjs.org/@babel%2fhelper-module-transforms cache-miss
170 http fetch GET 200 https://registry.npmjs.org/@babel%2fgenerator 118ms (cache miss)
171 silly packumentCache full:https://registry.npmjs.org/@babel%2fgenerator set size:undefined disposed:false
172 silly fetch manifest @babel/helper-compilation-targets@^7.27.2
173 silly packumentCache full:https://registry.npmjs.org/@babel%2fhelper-compilation-targets cache-miss
174 http fetch GET 200 https://registry.npmjs.org/@ampproject%2fremapping 90ms (cache miss)
175 silly packumentCache full:https://registry.npmjs.org/@ampproject%2fremapping set size:undefined disposed:false
176 silly fetch manifest @babel/helper-plugin-utils@^7.27.1
177 silly packumentCache full:https://registry.npmjs.org/@babel%2fhelper-plugin-utils cache-miss
178 http fetch GET 200 https://registry.npmjs.org/convert-source-map 213ms (cache miss)
179 silly packumentCache full:https://registry.npmjs.org/convert-source-map set size:undefined disposed:false
180 silly fetch manifest @babel/helper-plugin-utils@^7.27.1
181 silly packumentCache full:https://registry.npmjs.org/@babel%2fhelper-plugin-utils cache-miss
182 http fetch GET 200 https://registry.npmjs.org/@babel%2fhelpers 345ms (cache miss)
183 silly packumentCache full:https://registry.npmjs.org/@babel%2fhelpers set size:undefined disposed:false
184 silly fetch manifest @babel/types@^7.20.7
185 silly packumentCache full:https://registry.npmjs.org/@babel%2ftypes cache-miss
186 http fetch GET 200 https://registry.npmjs.org/@babel%2ftraverse 262ms (cache miss)
187 silly packumentCache full:https://registry.npmjs.org/@babel%2ftraverse set size:undefined disposed:false
188 silly fetch manifest @babel/parser@^7.20.7
189 silly packumentCache full:https://registry.npmjs.org/@babel%2fparser cache-miss
190 http fetch GET 200 https://registry.npmjs.org/@babel%2fhelper-module-transforms 151ms (cache miss)
191 silly packumentCache full:https://registry.npmjs.org/@babel%2fhelper-module-transforms set size:undefined disposed:false
192 silly fetch manifest @types/babel__template@*
193 silly packumentCache full:https://registry.npmjs.org/@types%2fbabel__template cache-miss
194 http fetch GET 200 https://registry.npmjs.org/@babel%2fhelper-compilation-targets 146ms (cache miss)
195 silly packumentCache full:https://registry.npmjs.org/@babel%2fhelper-compilation-targets set size:undefined disposed:false
196 silly fetch manifest @types/babel__traverse@*
197 silly packumentCache full:https://registry.npmjs.org/@types%2fbabel__traverse cache-miss
198 http fetch GET 200 https://registry.npmjs.org/@babel%2fcode-frame 251ms (cache miss)
199 silly packumentCache full:https://registry.npmjs.org/@babel%2fcode-frame set size:undefined disposed:false
200 silly fetch manifest @types/babel__generator@*
201 silly packumentCache full:https://registry.npmjs.org/@types%2fbabel__generator cache-miss
202 http fetch GET 200 https://registry.npmjs.org/@babel%2fhelper-plugin-utils 143ms (cache miss)
203 silly packumentCache full:https://registry.npmjs.org/@babel%2fhelper-plugin-utils set size:undefined disposed:false
204 http cache https://registry.npmjs.org/@babel%2fparser 28ms (cache hit)
205 silly packumentCache full:https://registry.npmjs.org/@babel%2fparser set size:691741 disposed:false
206 http cache https://registry.npmjs.org/@babel%2ftypes 43ms (cache hit)
207 silly packumentCache full:https://registry.npmjs.org/@babel%2ftypes set size:464115 disposed:false
208 http fetch GET 200 https://registry.npmjs.org/@babel%2fhelper-plugin-utils 65ms (cache miss)
209 silly packumentCache full:https://registry.npmjs.org/@babel%2fhelper-plugin-utils set size:undefined disposed:false
210 http fetch GET 200 https://registry.npmjs.org/@types%2fbabel__template 54ms (cache miss)
211 silly packumentCache full:https://registry.npmjs.org/@types%2fbabel__template set size:undefined disposed:false
212 http fetch GET 200 https://registry.npmjs.org/@types%2fbabel__traverse 56ms (cache miss)
213 silly packumentCache full:https://registry.npmjs.org/@types%2fbabel__traverse set size:undefined disposed:false
214 http fetch GET 200 https://registry.npmjs.org/@types%2fbabel__generator 58ms (cache miss)
215 silly packumentCache full:https://registry.npmjs.org/@types%2fbabel__generator set size:undefined disposed:false
216 silly fetch manifest @babel/core@^7.0.0
217 silly packumentCache full:https://registry.npmjs.org/@babel%2fcore cache-miss
218 http cache https://registry.npmjs.org/@babel%2fcore 9ms (cache hit)
219 silly packumentCache full:https://registry.npmjs.org/@babel%2fcore set size:721886 disposed:false
220 silly placeDep ROOT @ampproject/remapping@2.3.0 OK for: @babel/core@7.28.0 want: ^2.2.0
221 silly placeDep ROOT @babel/code-frame@7.27.1 OK for: @babel/core@7.28.0 want: ^7.27.1
222 silly placeDep ROOT @babel/generator@7.28.0 OK for: @babel/core@7.28.0 want: ^7.28.0
223 silly placeDep ROOT @babel/helper-compilation-targets@7.27.2 OK for: @babel/core@7.28.0 want: ^7.27.2
224 silly placeDep ROOT @babel/helper-module-transforms@7.27.3 OK for: @babel/core@7.28.0 want: ^7.27.3
225 silly placeDep ROOT @babel/helpers@7.27.6 OK for: @babel/core@7.28.0 want: ^7.27.6
226 silly placeDep ROOT @babel/parser@7.28.0 OK for: @babel/core@7.28.0 want: ^7.28.0
227 silly placeDep ROOT @babel/template@7.27.2 OK for: @babel/core@7.28.0 want: ^7.27.2
228 silly placeDep ROOT @babel/traverse@7.28.0 OK for: @babel/core@7.28.0 want: ^7.28.0
229 silly placeDep ROOT @babel/types@7.28.0 OK for: @babel/core@7.28.0 want: ^7.28.0
230 silly placeDep ROOT convert-source-map@2.0.0 OK for: @babel/core@7.28.0 want: ^2.0.0
231 silly placeDep ROOT debug@4.4.1 OK for: @babel/core@7.28.0 want: ^4.1.0
232 silly placeDep ROOT gensync@1.0.0-beta.2 OK for: @babel/core@7.28.0 want: ^1.0.0-beta.2
233 silly placeDep ROOT json5@2.2.3 OK for: @babel/core@7.28.0 want: ^2.2.3
234 silly placeDep ROOT semver@6.3.1 OK for: @babel/core@7.28.0 want: ^6.3.1
235 silly fetch manifest @jridgewell/gen-mapping@^0.3.5
236 silly packumentCache full:https://registry.npmjs.org/@jridgewell%2fgen-mapping cache-miss
237 silly fetch manifest @jridgewell/trace-mapping@^0.3.24
238 silly packumentCache full:https://registry.npmjs.org/@jridgewell%2ftrace-mapping cache-miss
239 silly fetch manifest js-tokens@^4.0.0
240 silly packumentCache full:https://registry.npmjs.org/js-tokens cache-miss
241 silly fetch manifest picocolors@^1.1.1
242 silly packumentCache full:https://registry.npmjs.org/picocolors cache-miss
243 silly fetch manifest @babel/helper-validator-identifier@^7.27.1
244 silly packumentCache full:https://registry.npmjs.org/@babel%2fhelper-validator-identifier cache-miss
245 silly fetch manifest jsesc@^3.0.2
246 silly packumentCache full:https://registry.npmjs.org/jsesc cache-miss
247 silly fetch manifest @jridgewell/gen-mapping@^0.3.12
248 silly packumentCache full:https://registry.npmjs.org/@jridgewell%2fgen-mapping cache-miss
249 http fetch GET 200 https://registry.npmjs.org/jsesc 45ms (cache miss)
250 silly packumentCache full:https://registry.npmjs.org/jsesc set size:undefined disposed:false
251 silly fetch manifest @jridgewell/trace-mapping@^0.3.28
252 silly packumentCache full:https://registry.npmjs.org/@jridgewell%2ftrace-mapping cache-miss
253 http fetch GET 200 https://registry.npmjs.org/js-tokens 68ms (cache miss)
254 silly packumentCache full:https://registry.npmjs.org/js-tokens set size:undefined disposed:false
255 silly fetch manifest lru-cache@^5.1.1
256 silly packumentCache full:https://registry.npmjs.org/lru-cache cache-miss
257 http fetch GET 200 https://registry.npmjs.org/@jridgewell%2fgen-mapping 73ms (cache miss)
258 silly packumentCache full:https://registry.npmjs.org/@jridgewell%2fgen-mapping set size:undefined disposed:false
259 silly fetch manifest browserslist@^4.24.0
260 silly packumentCache full:https://registry.npmjs.org/browserslist cache-miss
261 http fetch GET 200 https://registry.npmjs.org/@jridgewell%2fgen-mapping 76ms (cache miss)
262 silly packumentCache full:https://registry.npmjs.org/@jridgewell%2fgen-mapping set size:undefined disposed:false
263 silly fetch manifest @babel/compat-data@^7.27.2
264 silly packumentCache full:https://registry.npmjs.org/@babel%2fcompat-data cache-miss
265 http fetch GET 200 https://registry.npmjs.org/picocolors 82ms (cache miss)
266 silly packumentCache full:https://registry.npmjs.org/picocolors set size:undefined disposed:false
267 silly fetch manifest @babel/helper-validator-option@^7.27.1
268 silly packumentCache full:https://registry.npmjs.org/@babel%2fhelper-validator-option cache-miss
269 http fetch GET 200 https://registry.npmjs.org/@jridgewell%2ftrace-mapping 87ms (cache miss)
270 silly packumentCache full:https://registry.npmjs.org/@jridgewell%2ftrace-mapping set size:undefined disposed:false
271 silly fetch manifest @babel/traverse@^7.27.3
272 silly packumentCache full:https://registry.npmjs.org/@babel%2ftraverse cache-miss
273 http fetch GET 200 https://registry.npmjs.org/@babel%2fhelper-validator-identifier 91ms (cache miss)
274 silly packumentCache full:https://registry.npmjs.org/@babel%2fhelper-validator-identifier set size:undefined disposed:false
275 silly fetch manifest @babel/helper-module-imports@^7.27.1
276 silly packumentCache full:https://registry.npmjs.org/@babel%2fhelper-module-imports cache-miss
277 http cache https://registry.npmjs.org/@babel%2ftraverse 23ms (cache hit)
278 silly packumentCache full:https://registry.npmjs.org/@babel%2ftraverse set size:525342 disposed:false
279 silly fetch manifest @babel/types@^7.27.6
280 silly packumentCache full:https://registry.npmjs.org/@babel%2ftypes cache-hit
281 silly fetch manifest @babel/types@^7.27.1
282 silly packumentCache full:https://registry.npmjs.org/@babel%2ftypes cache-hit
283 silly fetch manifest debug@^4.3.1
284 silly packumentCache full:https://registry.npmjs.org/debug cache-miss
285 http fetch GET 200 https://registry.npmjs.org/@jridgewell%2ftrace-mapping 123ms (cache miss)
286 silly packumentCache full:https://registry.npmjs.org/@jridgewell%2ftrace-mapping set size:undefined disposed:false
287 silly fetch manifest @babel/helper-globals@^7.28.0
288 silly packumentCache full:https://registry.npmjs.org/@babel%2fhelper-globals cache-miss
289 http cache https://registry.npmjs.org/debug 64ms (cache hit)
290 silly packumentCache full:https://registry.npmjs.org/debug set size:193521 disposed:false
291 silly fetch manifest @babel/helper-string-parser@^7.27.1
292 silly packumentCache full:https://registry.npmjs.org/@babel%2fhelper-string-parser cache-miss
293 http fetch GET 200 https://registry.npmjs.org/@babel%2fhelper-validator-option 114ms (cache miss)
294 silly packumentCache full:https://registry.npmjs.org/@babel%2fhelper-validator-option set size:undefined disposed:false
295 silly fetch manifest ms@^2.1.3
296 silly packumentCache full:https://registry.npmjs.org/ms cache-miss
297 http fetch GET 200 https://registry.npmjs.org/lru-cache 134ms (cache miss)
298 silly packumentCache full:https://registry.npmjs.org/lru-cache set size:undefined disposed:false
299 http fetch GET 200 https://registry.npmjs.org/@babel%2fhelper-module-imports 116ms (cache miss)
300 silly packumentCache full:https://registry.npmjs.org/@babel%2fhelper-module-imports set size:undefined disposed:false
301 http fetch GET 200 https://registry.npmjs.org/@babel%2fcompat-data 132ms (cache miss)
302 silly packumentCache full:https://registry.npmjs.org/@babel%2fcompat-data set size:undefined disposed:false
303 http fetch GET 200 https://registry.npmjs.org/browserslist 143ms (cache miss)
304 silly packumentCache full:https://registry.npmjs.org/browserslist set size:undefined disposed:false
305 http fetch GET 200 https://registry.npmjs.org/@babel%2fhelper-globals 67ms (cache miss)
306 silly packumentCache full:https://registry.npmjs.org/@babel%2fhelper-globals set size:undefined disposed:false
307 http fetch GET 200 https://registry.npmjs.org/ms 44ms (cache miss)
308 silly packumentCache full:https://registry.npmjs.org/ms set size:undefined disposed:false
309 http fetch GET 200 https://registry.npmjs.org/@babel%2fhelper-string-parser 55ms (cache miss)
310 silly packumentCache full:https://registry.npmjs.org/@babel%2fhelper-string-parser set size:undefined disposed:false
311 silly placeDep ROOT @jridgewell/gen-mapping@0.3.12 OK for: @ampproject/remapping@2.3.0 want: ^0.3.5
312 silly placeDep ROOT @jridgewell/trace-mapping@0.3.29 OK for: @ampproject/remapping@2.3.0 want: ^0.3.24
313 silly fetch manifest @jridgewell/sourcemap-codec@^1.5.0
314 silly packumentCache full:https://registry.npmjs.org/@jridgewell%2fsourcemap-codec cache-miss
315 silly fetch manifest @jridgewell/resolve-uri@^3.1.0
316 silly packumentCache full:https://registry.npmjs.org/@jridgewell%2fresolve-uri cache-miss
317 silly fetch manifest @jridgewell/sourcemap-codec@^1.4.14
318 silly packumentCache full:https://registry.npmjs.org/@jridgewell%2fsourcemap-codec cache-miss
319 http fetch GET 200 https://registry.npmjs.org/@jridgewell%2fsourcemap-codec 98ms (cache miss)
320 silly packumentCache full:https://registry.npmjs.org/@jridgewell%2fsourcemap-codec set size:undefined disposed:false
321 http fetch GET 200 https://registry.npmjs.org/@jridgewell%2fsourcemap-codec 102ms (cache miss)
322 silly packumentCache full:https://registry.npmjs.org/@jridgewell%2fsourcemap-codec set size:undefined disposed:false
323 http fetch GET 200 https://registry.npmjs.org/@jridgewell%2fresolve-uri 104ms (cache miss)
324 silly packumentCache full:https://registry.npmjs.org/@jridgewell%2fresolve-uri set size:undefined disposed:false
325 silly placeDep ROOT @babel/helper-validator-identifier@7.27.1 OK for: @babel/code-frame@7.27.1 want: ^7.27.1
326 silly placeDep ROOT js-tokens@4.0.0 OK for: @babel/code-frame@7.27.1 want: ^4.0.0
327 silly placeDep ROOT picocolors@1.1.1 OK for: @babel/code-frame@7.27.1 want: ^1.1.1
328 silly placeDep ROOT jsesc@3.1.0 OK for: @babel/generator@7.28.0 want: ^3.0.2
329 silly placeDep ROOT @babel/compat-data@7.28.0 OK for: @babel/helper-compilation-targets@7.27.2 want: ^7.27.2
330 silly placeDep ROOT @babel/helper-validator-option@7.27.1 OK for: @babel/helper-compilation-targets@7.27.2 want: ^7.27.1
331 silly placeDep ROOT browserslist@4.25.1 OK for: @babel/helper-compilation-targets@7.27.2 want: ^4.24.0
332 silly placeDep ROOT lru-cache@5.1.1 OK for: @babel/helper-compilation-targets@7.27.2 want: ^5.1.1
333 silly fetch manifest caniuse-lite@^1.0.30001726
334 silly packumentCache full:https://registry.npmjs.org/caniuse-lite cache-miss
335 silly fetch manifest electron-to-chromium@^1.5.173
336 silly packumentCache full:https://registry.npmjs.org/electron-to-chromium cache-miss
337 silly fetch manifest node-releases@^2.0.19
338 silly packumentCache full:https://registry.npmjs.org/node-releases cache-miss
339 silly fetch manifest update-browserslist-db@^1.1.3
340 silly packumentCache full:https://registry.npmjs.org/update-browserslist-db cache-miss
341 silly fetch manifest yallist@^3.0.2
342 silly packumentCache full:https://registry.npmjs.org/yallist cache-miss
343 http fetch GET 200 https://registry.npmjs.org/yallist 47ms (cache miss)
344 silly packumentCache full:https://registry.npmjs.org/yallist set size:undefined disposed:false
345 http fetch GET 200 https://registry.npmjs.org/node-releases 62ms (cache miss)
346 silly packumentCache full:https://registry.npmjs.org/node-releases set size:undefined disposed:false
347 http fetch GET 200 https://registry.npmjs.org/update-browserslist-db 73ms (cache miss)
348 silly packumentCache full:https://registry.npmjs.org/update-browserslist-db set size:undefined disposed:false
349 http fetch GET 200 https://registry.npmjs.org/electron-to-chromium 168ms (cache miss)
350 silly packumentCache full:https://registry.npmjs.org/electron-to-chromium set size:undefined disposed:false
351 http fetch GET 200 https://registry.npmjs.org/caniuse-lite 261ms (cache miss)
352 silly packumentCache full:https://registry.npmjs.org/caniuse-lite set size:undefined disposed:false
353 silly placeDep ROOT @babel/helper-module-imports@7.27.1 OK for: @babel/helper-module-transforms@7.27.3 want: ^7.27.1
354 silly placeDep ROOT @babel/helper-plugin-utils@7.27.1 OK for: @babel/plugin-transform-react-jsx-self@7.27.1 want: ^7.27.1
355 silly placeDep ROOT @babel/helper-globals@7.28.0 OK for: @babel/traverse@7.28.0 want: ^7.28.0
356 silly placeDep ROOT @babel/helper-string-parser@7.27.1 OK for: @babel/types@7.28.0 want: ^7.27.1
357 silly placeDep ROOT @jridgewell/sourcemap-codec@1.5.4 OK for: @jridgewell/gen-mapping@0.3.12 want: ^1.5.0
358 silly placeDep ROOT @jridgewell/resolve-uri@3.1.2 OK for: @jridgewell/trace-mapping@0.3.29 want: ^3.1.0
359 silly placeDep ROOT @types/babel__generator@7.27.0 OK for: @types/babel__core@7.20.5 want: *
360 silly placeDep ROOT @types/babel__template@7.4.4 OK for: @types/babel__core@7.20.5 want: *
361 silly placeDep ROOT @types/babel__traverse@7.20.7 OK for: @types/babel__core@7.20.5 want: *
362 silly fetch manifest browserslist@>= 4.21.0
363 silly packumentCache full:https://registry.npmjs.org/browserslist cache-miss
364 http cache https://registry.npmjs.org/browserslist 8ms (cache hit)
365 silly packumentCache full:https://registry.npmjs.org/browserslist set size:482975 disposed:false
366 silly placeDep ROOT caniuse-lite@1.0.30001727 OK for: browserslist@4.25.1 want: ^1.0.30001726
367 silly placeDep ROOT electron-to-chromium@1.5.179 OK for: browserslist@4.25.1 want: ^1.5.173
368 silly placeDep ROOT node-releases@2.0.19 OK for: browserslist@4.25.1 want: ^2.0.19
369 silly placeDep ROOT update-browserslist-db@1.1.3 OK for: browserslist@4.25.1 want: ^1.1.3
370 silly fetch manifest escalade@^3.2.0
371 silly packumentCache full:https://registry.npmjs.org/escalade cache-miss
372 http fetch GET 200 https://registry.npmjs.org/escalade 61ms (cache miss)
373 silly packumentCache full:https://registry.npmjs.org/escalade set size:undefined disposed:false
374 silly placeDep ROOT ms@2.1.3 OK for: debug@4.4.1 want: ^2.1.3
375 silly placeDep ROOT yallist@3.1.1 OK for: lru-cache@5.1.1 want: ^3.0.2
376 silly placeDep ROOT escalade@3.2.0 OK for: update-browserslist-db@1.1.3 want: ^3.2.0
377 silly placeDep ROOT esbuild@0.25.5 OK for: vite@7.0.2 want: ^0.25.0
378 silly placeDep ROOT fdir@6.4.6 OK for: vite@7.0.2 want: ^6.4.6
379 silly placeDep ROOT fsevents@2.3.3 OK for: vite@7.0.2 want: ~2.3.3
380 silly placeDep ROOT picomatch@4.0.2 OK for: vite@7.0.2 want: ^4.0.2
381 silly placeDep ROOT postcss@8.5.6 OK for: vite@7.0.2 want: ^8.5.6
382 silly placeDep ROOT rollup@4.44.2 OK for: vite@7.0.2 want: ^4.40.0
383 silly placeDep ROOT tinyglobby@0.2.14 OK for: vite@7.0.2 want: ^0.2.14
384 silly fetch manifest @esbuild/aix-ppc64@0.25.5
385 silly packumentCache full:https://registry.npmjs.org/@esbuild%2faix-ppc64 cache-miss
386 silly fetch manifest @esbuild/android-arm@0.25.5
387 silly packumentCache full:https://registry.npmjs.org/@esbuild%2fandroid-arm cache-miss
388 silly fetch manifest @esbuild/android-arm64@0.25.5
389 silly packumentCache full:https://registry.npmjs.org/@esbuild%2fandroid-arm64 cache-miss
390 silly fetch manifest @esbuild/android-x64@0.25.5
391 silly packumentCache full:https://registry.npmjs.org/@esbuild%2fandroid-x64 cache-miss
392 silly fetch manifest @esbuild/darwin-arm64@0.25.5
393 silly packumentCache full:https://registry.npmjs.org/@esbuild%2fdarwin-arm64 cache-miss
394 silly fetch manifest @esbuild/darwin-x64@0.25.5
395 silly packumentCache full:https://registry.npmjs.org/@esbuild%2fdarwin-x64 cache-miss
396 silly fetch manifest @esbuild/freebsd-arm64@0.25.5
397 silly packumentCache full:https://registry.npmjs.org/@esbuild%2ffreebsd-arm64 cache-miss
398 http cache https://registry.npmjs.org/@esbuild%2fandroid-arm 19ms (cache hit)
399 silly packumentCache full:https://registry.npmjs.org/@esbuild%2fandroid-arm set size:195313 disposed:false
400 silly fetch manifest @esbuild/freebsd-x64@0.25.5
401 silly packumentCache full:https://registry.npmjs.org/@esbuild%2ffreebsd-x64 cache-miss
402 http cache https://registry.npmjs.org/@esbuild%2faix-ppc64 22ms (cache hit)
403 silly packumentCache full:https://registry.npmjs.org/@esbuild%2faix-ppc64 set size:35915 disposed:false
404 silly fetch manifest @esbuild/linux-arm@0.25.5
405 silly packumentCache full:https://registry.npmjs.org/@esbuild%2flinux-arm cache-miss
406 http cache https://registry.npmjs.org/@esbuild%2fandroid-x64 24ms (cache hit)
407 silly packumentCache full:https://registry.npmjs.org/@esbuild%2fandroid-x64 set size:169119 disposed:false
408 silly fetch manifest @esbuild/linux-arm64@0.25.5
409 silly packumentCache full:https://registry.npmjs.org/@esbuild%2flinux-arm64 cache-miss
410 http cache https://registry.npmjs.org/@esbuild%2fandroid-arm64 26ms (cache hit)
411 silly packumentCache full:https://registry.npmjs.org/@esbuild%2fandroid-arm64 set size:171924 disposed:false
412 silly fetch manifest @esbuild/linux-ia32@0.25.5
413 silly packumentCache full:https://registry.npmjs.org/@esbuild%2flinux-ia32 cache-miss
414 http cache https://registry.npmjs.org/@esbuild%2ffreebsd-arm64 29ms (cache hit)
415 silly packumentCache full:https://registry.npmjs.org/@esbuild%2ffreebsd-arm64 set size:171900 disposed:false
416 silly fetch manifest @esbuild/linux-loong64@0.25.5
417 silly packumentCache full:https://registry.npmjs.org/@esbuild%2flinux-loong64 cache-miss
418 http cache https://registry.npmjs.org/@esbuild%2fdarwin-arm64 33ms (cache hit)
419 silly packumentCache full:https://registry.npmjs.org/@esbuild%2fdarwin-arm64 set size:171149 disposed:false
420 silly fetch manifest @esbuild/linux-mips64el@0.25.5
421 silly packumentCache full:https://registry.npmjs.org/@esbuild%2flinux-mips64el cache-miss
422 http cache https://registry.npmjs.org/@esbuild%2fdarwin-x64 37ms (cache hit)
423 silly packumentCache full:https://registry.npmjs.org/@esbuild%2fdarwin-x64 set size:169672 disposed:false
424 silly fetch manifest @esbuild/linux-ppc64@0.25.5
425 silly packumentCache full:https://registry.npmjs.org/@esbuild%2flinux-ppc64 cache-miss
426 http cache https://registry.npmjs.org/@esbuild%2ffreebsd-x64 87ms (cache hit)
427 silly packumentCache full:https://registry.npmjs.org/@esbuild%2ffreebsd-x64 set size:170403 disposed:false
428 silly fetch manifest @esbuild/linux-riscv64@0.25.5
429 silly packumentCache full:https://registry.npmjs.org/@esbuild%2flinux-riscv64 cache-miss
430 http cache https://registry.npmjs.org/@esbuild%2flinux-arm 100ms (cache hit)
431 silly packumentCache full:https://registry.npmjs.org/@esbuild%2flinux-arm set size:168782 disposed:false
432 silly fetch manifest @esbuild/linux-s390x@0.25.5
433 silly packumentCache full:https://registry.npmjs.org/@esbuild%2flinux-s390x cache-miss
434 http cache https://registry.npmjs.org/@esbuild%2flinux-loong64 93ms (cache hit)
435 silly packumentCache full:https://registry.npmjs.org/@esbuild%2flinux-loong64 set size:225184 disposed:false
436 silly fetch manifest @esbuild/linux-x64@0.25.5
437 silly packumentCache full:https://registry.npmjs.org/@esbuild%2flinux-x64 cache-miss
438 http cache https://registry.npmjs.org/@esbuild%2flinux-ppc64 91ms (cache hit)
439 silly packumentCache full:https://registry.npmjs.org/@esbuild%2flinux-ppc64 set size:172307 disposed:false
440 silly fetch manifest @esbuild/netbsd-arm64@0.25.5
441 silly packumentCache full:https://registry.npmjs.org/@esbuild%2fnetbsd-arm64 cache-miss
442 http cache https://registry.npmjs.org/@esbuild%2flinux-arm64 108ms (cache hit)
443 silly packumentCache full:https://registry.npmjs.org/@esbuild%2flinux-arm64 set size:170581 disposed:false
444 silly fetch manifest @esbuild/netbsd-x64@0.25.5
445 silly packumentCache full:https://registry.npmjs.org/@esbuild%2fnetbsd-x64 cache-miss
446 http cache https://registry.npmjs.org/@esbuild%2flinux-ia32 108ms (cache hit)
447 silly packumentCache full:https://registry.npmjs.org/@esbuild%2flinux-ia32 set size:169633 disposed:false
448 silly fetch manifest @esbuild/openbsd-arm64@0.25.5
449 silly packumentCache full:https://registry.npmjs.org/@esbuild%2fopenbsd-arm64 cache-miss
450 http cache https://registry.npmjs.org/@esbuild%2flinux-mips64el 103ms (cache hit)
451 silly packumentCache full:https://registry.npmjs.org/@esbuild%2flinux-mips64el set size:173767 disposed:false
452 silly fetch manifest @esbuild/openbsd-x64@0.25.5
453 silly packumentCache full:https://registry.npmjs.org/@esbuild%2fopenbsd-x64 cache-miss
454 http cache https://registry.npmjs.org/@esbuild%2flinux-riscv64 41ms (cache hit)
455 silly packumentCache full:https://registry.npmjs.org/@esbuild%2flinux-riscv64 set size:172006 disposed:false
456 silly fetch manifest @esbuild/sunos-x64@0.25.5
457 silly packumentCache full:https://registry.npmjs.org/@esbuild%2fsunos-x64 cache-miss
458 http cache https://registry.npmjs.org/@esbuild%2flinux-x64 28ms (cache hit)
459 silly packumentCache full:https://registry.npmjs.org/@esbuild%2flinux-x64 set size:169070 disposed:false
460 silly fetch manifest @esbuild/win32-arm64@0.25.5
461 silly packumentCache full:https://registry.npmjs.org/@esbuild%2fwin32-arm64 cache-miss
462 http cache https://registry.npmjs.org/@esbuild%2flinux-s390x 35ms (cache hit)
463 silly packumentCache full:https://registry.npmjs.org/@esbuild%2flinux-s390x set size:171857 disposed:false
464 silly fetch manifest @esbuild/win32-ia32@0.25.5
465 silly packumentCache full:https://registry.npmjs.org/@esbuild%2fwin32-ia32 cache-miss
466 http cache https://registry.npmjs.org/@esbuild%2fnetbsd-x64 28ms (cache hit)
467 silly packumentCache full:https://registry.npmjs.org/@esbuild%2fnetbsd-x64 set size:167749 disposed:false
468 silly fetch manifest @esbuild/win32-x64@0.25.5
469 silly packumentCache full:https://registry.npmjs.org/@esbuild%2fwin32-x64 cache-miss
470 http cache https://registry.npmjs.org/@esbuild%2fopenbsd-arm64 26ms (cache hit)
471 silly packumentCache full:https://registry.npmjs.org/@esbuild%2fopenbsd-arm64 set size:19158 disposed:false
472 silly fetch manifest nanoid@^3.3.11
473 silly packumentCache full:https://registry.npmjs.org/nanoid cache-miss
474 http cache https://registry.npmjs.org/@esbuild%2fopenbsd-x64 25ms (cache hit)
475 silly packumentCache full:https://registry.npmjs.org/@esbuild%2fopenbsd-x64 set size:170408 disposed:false
476 silly fetch manifest source-map-js@^1.2.1
477 silly packumentCache full:https://registry.npmjs.org/source-map-js cache-miss
478 http cache https://registry.npmjs.org/@esbuild%2fnetbsd-arm64 36ms (cache hit)
479 silly packumentCache full:https://registry.npmjs.org/@esbuild%2fnetbsd-arm64 set size:13969 disposed:false
480 silly fetch manifest @types/estree@1.0.8
481 silly packumentCache full:https://registry.npmjs.org/@types%2festree cache-miss
482 http cache https://registry.npmjs.org/@esbuild%2fwin32-arm64 28ms (cache hit)
483 silly packumentCache full:https://registry.npmjs.org/@esbuild%2fwin32-arm64 set size:170774 disposed:false
484 silly fetch manifest @rollup/rollup-darwin-arm64@4.44.2
485 silly packumentCache full:https://registry.npmjs.org/@rollup%2frollup-darwin-arm64 cache-miss
486 http cache https://registry.npmjs.org/@esbuild%2fsunos-x64 33ms (cache hit)
487 silly packumentCache full:https://registry.npmjs.org/@esbuild%2fsunos-x64 set size:169274 disposed:false
488 silly fetch manifest @rollup/rollup-android-arm64@4.44.2
489 silly packumentCache full:https://registry.npmjs.org/@rollup%2frollup-android-arm64 cache-miss
490 http cache https://registry.npmjs.org/@esbuild%2fwin32-ia32 32ms (cache hit)
491 silly packumentCache full:https://registry.npmjs.org/@esbuild%2fwin32-ia32 set size:169830 disposed:false
492 silly fetch manifest @rollup/rollup-win32-arm64-msvc@4.44.2
493 silly packumentCache full:https://registry.npmjs.org/@rollup%2frollup-win32-arm64-msvc cache-miss
494 http cache https://registry.npmjs.org/@esbuild%2fwin32-x64 32ms (cache hit)
495 silly packumentCache full:https://registry.npmjs.org/@esbuild%2fwin32-x64 set size:169273 disposed:false
496 silly fetch manifest @rollup/rollup-freebsd-arm64@4.44.2
497 silly packumentCache full:https://registry.npmjs.org/@rollup%2frollup-freebsd-arm64 cache-miss
498 http cache https://registry.npmjs.org/@types%2festree 29ms (cache hit)
499 silly packumentCache full:https://registry.npmjs.org/@types%2festree set size:74075 disposed:false
500 silly fetch manifest @rollup/rollup-linux-arm64-gnu@4.44.2
501 silly packumentCache full:https://registry.npmjs.org/@rollup%2frollup-linux-arm64-gnu cache-miss
502 http cache https://registry.npmjs.org/@rollup%2frollup-darwin-arm64 29ms (cache hit)
503 silly packumentCache full:https://registry.npmjs.org/@rollup%2frollup-darwin-arm64 set size:245864 disposed:false
504 silly fetch manifest @rollup/rollup-linux-arm64-musl@4.44.2
505 silly packumentCache full:https://registry.npmjs.org/@rollup%2frollup-linux-arm64-musl cache-miss
506 http cache https://registry.npmjs.org/@rollup%2frollup-android-arm64 31ms (cache hit)
507 silly packumentCache full:https://registry.npmjs.org/@rollup%2frollup-android-arm64 set size:246956 disposed:false
508 silly fetch manifest @rollup/rollup-android-arm-eabi@4.44.2
509 silly packumentCache full:https://registry.npmjs.org/@rollup%2frollup-android-arm-eabi cache-miss
510 http cache https://registry.npmjs.org/@rollup%2frollup-win32-arm64-msvc 31ms (cache hit)
511 silly packumentCache full:https://registry.npmjs.org/@rollup%2frollup-win32-arm64-msvc set size:249426 disposed:false
512 silly fetch manifest @rollup/rollup-linux-arm-gnueabihf@4.44.2
513 silly packumentCache full:https://registry.npmjs.org/@rollup%2frollup-linux-arm-gnueabihf cache-miss
514 http fetch GET 200 https://registry.npmjs.org/source-map-js 62ms (cache miss)
515 silly packumentCache full:https://registry.npmjs.org/source-map-js set size:undefined disposed:false
516 silly fetch manifest @rollup/rollup-linux-arm-musleabihf@4.44.2
517 silly packumentCache full:https://registry.npmjs.org/@rollup%2frollup-linux-arm-musleabihf cache-miss
518 http cache https://registry.npmjs.org/@rollup%2frollup-linux-arm64-gnu 34ms (cache hit)
519 silly packumentCache full:https://registry.npmjs.org/@rollup%2frollup-linux-arm64-gnu set size:251124 disposed:false
520 silly fetch manifest @rollup/rollup-win32-ia32-msvc@4.44.2
521 silly packumentCache full:https://registry.npmjs.org/@rollup%2frollup-win32-ia32-msvc cache-miss
522 http cache https://registry.npmjs.org/@rollup%2frollup-freebsd-arm64 40ms (cache hit)
523 silly packumentCache full:https://registry.npmjs.org/@rollup%2frollup-freebsd-arm64 set size:95169 disposed:false
524 silly fetch manifest @rollup/rollup-linux-loongarch64-gnu@4.44.2
525 silly packumentCache full:https://registry.npmjs.org/@rollup%2frollup-linux-loongarch64-gnu cache-miss
526 http cache https://registry.npmjs.org/@rollup%2frollup-linux-arm64-musl 29ms (cache hit)
527 silly packumentCache full:https://registry.npmjs.org/@rollup%2frollup-linux-arm64-musl set size:206211 disposed:false
528 silly fetch manifest @rollup/rollup-linux-riscv64-gnu@4.44.2
529 silly packumentCache full:https://registry.npmjs.org/@rollup%2frollup-linux-riscv64-gnu cache-miss
530 http cache https://registry.npmjs.org/@rollup%2frollup-android-arm-eabi 30ms (cache hit)
531 silly packumentCache full:https://registry.npmjs.org/@rollup%2frollup-android-arm-eabi set size:249437 disposed:false
532 silly fetch manifest @rollup/rollup-linux-riscv64-musl@4.44.2
533 silly packumentCache full:https://registry.npmjs.org/@rollup%2frollup-linux-riscv64-musl cache-miss
534 http fetch GET 200 https://registry.npmjs.org/nanoid 93ms (cache miss)
535 silly packumentCache full:https://registry.npmjs.org/nanoid set size:undefined disposed:false
536 silly fetch manifest @rollup/rollup-linux-powerpc64le-gnu@4.44.2
537 silly packumentCache full:https://registry.npmjs.org/@rollup%2frollup-linux-powerpc64le-gnu cache-miss
538 http cache https://registry.npmjs.org/@rollup%2frollup-linux-arm-gnueabihf 35ms (cache hit)
539 silly packumentCache full:https://registry.npmjs.org/@rollup%2frollup-linux-arm-gnueabihf set size:253346 disposed:false
540 silly fetch manifest @rollup/rollup-linux-s390x-gnu@4.44.2
541 silly packumentCache full:https://registry.npmjs.org/@rollup%2frollup-linux-s390x-gnu cache-miss
542 http cache https://registry.npmjs.org/@rollup%2frollup-win32-ia32-msvc 32ms (cache hit)
543 silly packumentCache full:https://registry.npmjs.org/@rollup%2frollup-win32-ia32-msvc set size:248342 disposed:false
544 silly fetch manifest @rollup/rollup-darwin-x64@4.44.2
545 silly packumentCache full:https://registry.npmjs.org/@rollup%2frollup-darwin-x64 cache-miss
546 http cache https://registry.npmjs.org/@rollup%2frollup-linux-loongarch64-gnu 33ms (cache hit)
547 silly packumentCache full:https://registry.npmjs.org/@rollup%2frollup-linux-loongarch64-gnu set size:72601 disposed:false
548 silly fetch manifest @rollup/rollup-win32-x64-msvc@4.44.2
549 silly packumentCache full:https://registry.npmjs.org/@rollup%2frollup-win32-x64-msvc cache-miss
550 http cache https://registry.npmjs.org/@rollup%2frollup-linux-arm-musleabihf 41ms (cache hit)
551 silly packumentCache full:https://registry.npmjs.org/@rollup%2frollup-linux-arm-musleabihf set size:147211 disposed:false
552 silly fetch manifest @rollup/rollup-freebsd-x64@4.44.2
553 silly packumentCache full:https://registry.npmjs.org/@rollup%2frollup-freebsd-x64 cache-miss
554 http cache https://registry.npmjs.org/@rollup%2frollup-linux-riscv64-gnu 38ms (cache hit)
555 silly packumentCache full:https://registry.npmjs.org/@rollup%2frollup-linux-riscv64-gnu set size:178382 disposed:false
556 silly fetch manifest @rollup/rollup-linux-x64-gnu@4.44.2
557 silly packumentCache full:https://registry.npmjs.org/@rollup%2frollup-linux-x64-gnu cache-miss
558 http cache https://registry.npmjs.org/@rollup%2frollup-linux-riscv64-musl 38ms (cache hit)
559 silly packumentCache full:https://registry.npmjs.org/@rollup%2frollup-linux-riscv64-musl set size:24061 disposed:false
560 silly fetch manifest @rollup/rollup-linux-x64-musl@4.44.2
561 silly packumentCache full:https://registry.npmjs.org/@rollup%2frollup-linux-x64-musl cache-miss
562 http cache https://registry.npmjs.org/@rollup%2frollup-linux-s390x-gnu 38ms (cache hit)
563 silly packumentCache full:https://registry.npmjs.org/@rollup%2frollup-linux-s390x-gnu set size:152853 disposed:false
564 http cache https://registry.npmjs.org/@rollup%2frollup-linux-powerpc64le-gnu 46ms (cache hit)
565 silly packumentCache full:https://registry.npmjs.org/@rollup%2frollup-linux-powerpc64le-gnu set size:154635 disposed:false
566 http cache https://registry.npmjs.org/@rollup%2frollup-win32-x64-msvc 38ms (cache hit)
567 silly packumentCache full:https://registry.npmjs.org/@rollup%2frollup-win32-x64-msvc set size:247261 disposed:false
568 http cache https://registry.npmjs.org/@rollup%2frollup-darwin-x64 43ms (cache hit)
569 silly packumentCache full:https://registry.npmjs.org/@rollup%2frollup-darwin-x64 set size:243699 disposed:false
570 http cache https://registry.npmjs.org/@rollup%2frollup-freebsd-x64 44ms (cache hit)
571 silly packumentCache full:https://registry.npmjs.org/@rollup%2frollup-freebsd-x64 set size:95906 disposed:false
572 http cache https://registry.npmjs.org/@rollup%2frollup-linux-x64-gnu 31ms (cache hit)
573 silly packumentCache full:https://registry.npmjs.org/@rollup%2frollup-linux-x64-gnu set size:248935 disposed:false
574 http cache https://registry.npmjs.org/@rollup%2frollup-linux-x64-musl 31ms (cache hit)
575 silly packumentCache full:https://registry.npmjs.org/@rollup%2frollup-linux-x64-musl set size:248004 disposed:false
576 silly placeDep ROOT @esbuild/aix-ppc64@0.25.5 OK for: esbuild@0.25.5 want: 0.25.5
577 silly placeDep ROOT @esbuild/android-arm@0.25.5 OK for: esbuild@0.25.5 want: 0.25.5
578 silly placeDep ROOT @esbuild/android-arm64@0.25.5 OK for: esbuild@0.25.5 want: 0.25.5
579 silly placeDep ROOT @esbuild/android-x64@0.25.5 OK for: esbuild@0.25.5 want: 0.25.5
580 silly placeDep ROOT @esbuild/darwin-arm64@0.25.5 OK for: esbuild@0.25.5 want: 0.25.5
581 silly placeDep ROOT @esbuild/darwin-x64@0.25.5 OK for: esbuild@0.25.5 want: 0.25.5
582 silly placeDep ROOT @esbuild/freebsd-arm64@0.25.5 OK for: esbuild@0.25.5 want: 0.25.5
583 silly placeDep ROOT @esbuild/freebsd-x64@0.25.5 OK for: esbuild@0.25.5 want: 0.25.5
584 silly placeDep ROOT @esbuild/linux-arm@0.25.5 OK for: esbuild@0.25.5 want: 0.25.5
585 silly placeDep ROOT @esbuild/linux-arm64@0.25.5 OK for: esbuild@0.25.5 want: 0.25.5
586 silly placeDep ROOT @esbuild/linux-ia32@0.25.5 OK for: esbuild@0.25.5 want: 0.25.5
587 silly placeDep ROOT @esbuild/linux-loong64@0.25.5 OK for: esbuild@0.25.5 want: 0.25.5
588 silly placeDep ROOT @esbuild/linux-mips64el@0.25.5 OK for: esbuild@0.25.5 want: 0.25.5
589 silly placeDep ROOT @esbuild/linux-ppc64@0.25.5 OK for: esbuild@0.25.5 want: 0.25.5
590 silly placeDep ROOT @esbuild/linux-riscv64@0.25.5 OK for: esbuild@0.25.5 want: 0.25.5
591 silly placeDep ROOT @esbuild/linux-s390x@0.25.5 OK for: esbuild@0.25.5 want: 0.25.5
592 silly placeDep ROOT @esbuild/linux-x64@0.25.5 OK for: esbuild@0.25.5 want: 0.25.5
593 silly placeDep ROOT @esbuild/netbsd-arm64@0.25.5 OK for: esbuild@0.25.5 want: 0.25.5
594 silly placeDep ROOT @esbuild/netbsd-x64@0.25.5 OK for: esbuild@0.25.5 want: 0.25.5
595 silly placeDep ROOT @esbuild/openbsd-arm64@0.25.5 OK for: esbuild@0.25.5 want: 0.25.5
596 silly placeDep ROOT @esbuild/openbsd-x64@0.25.5 OK for: esbuild@0.25.5 want: 0.25.5
597 silly placeDep ROOT @esbuild/sunos-x64@0.25.5 OK for: esbuild@0.25.5 want: 0.25.5
598 silly placeDep ROOT @esbuild/win32-arm64@0.25.5 OK for: esbuild@0.25.5 want: 0.25.5
599 silly placeDep ROOT @esbuild/win32-ia32@0.25.5 OK for: esbuild@0.25.5 want: 0.25.5
600 silly placeDep ROOT @esbuild/win32-x64@0.25.5 OK for: esbuild@0.25.5 want: 0.25.5
601 silly placeDep ROOT nanoid@3.3.11 OK for: postcss@8.5.6 want: ^3.3.11
602 silly placeDep ROOT source-map-js@1.2.1 OK for: postcss@8.5.6 want: ^1.2.1
603 silly placeDep ROOT @rollup/rollup-android-arm-eabi@4.44.2 OK for: rollup@4.44.2 want: 4.44.2
604 silly placeDep ROOT @rollup/rollup-android-arm64@4.44.2 OK for: rollup@4.44.2 want: 4.44.2
605 silly placeDep ROOT @rollup/rollup-darwin-arm64@4.44.2 OK for: rollup@4.44.2 want: 4.44.2
606 silly placeDep ROOT @rollup/rollup-darwin-x64@4.44.2 OK for: rollup@4.44.2 want: 4.44.2
607 silly placeDep ROOT @rollup/rollup-freebsd-arm64@4.44.2 OK for: rollup@4.44.2 want: 4.44.2
608 silly placeDep ROOT @rollup/rollup-freebsd-x64@4.44.2 OK for: rollup@4.44.2 want: 4.44.2
609 silly placeDep ROOT @rollup/rollup-linux-arm-gnueabihf@4.44.2 OK for: rollup@4.44.2 want: 4.44.2
610 silly placeDep ROOT @rollup/rollup-linux-arm-musleabihf@4.44.2 OK for: rollup@4.44.2 want: 4.44.2
611 silly placeDep ROOT @rollup/rollup-linux-arm64-gnu@4.44.2 OK for: rollup@4.44.2 want: 4.44.2
612 silly placeDep ROOT @rollup/rollup-linux-arm64-musl@4.44.2 OK for: rollup@4.44.2 want: 4.44.2
613 silly placeDep ROOT @rollup/rollup-linux-loongarch64-gnu@4.44.2 OK for: rollup@4.44.2 want: 4.44.2
614 silly placeDep ROOT @rollup/rollup-linux-powerpc64le-gnu@4.44.2 OK for: rollup@4.44.2 want: 4.44.2
615 silly placeDep ROOT @rollup/rollup-linux-riscv64-gnu@4.44.2 OK for: rollup@4.44.2 want: 4.44.2
616 silly placeDep ROOT @rollup/rollup-linux-riscv64-musl@4.44.2 OK for: rollup@4.44.2 want: 4.44.2
617 silly placeDep ROOT @rollup/rollup-linux-s390x-gnu@4.44.2 OK for: rollup@4.44.2 want: 4.44.2
618 silly placeDep ROOT @rollup/rollup-linux-x64-gnu@4.44.2 OK for: rollup@4.44.2 want: 4.44.2
619 silly placeDep ROOT @rollup/rollup-linux-x64-musl@4.44.2 OK for: rollup@4.44.2 want: 4.44.2
620 silly placeDep ROOT @rollup/rollup-win32-arm64-msvc@4.44.2 OK for: rollup@4.44.2 want: 4.44.2
621 silly placeDep ROOT @rollup/rollup-win32-ia32-msvc@4.44.2 OK for: rollup@4.44.2 want: 4.44.2
622 silly placeDep ROOT @rollup/rollup-win32-x64-msvc@4.44.2 OK for: rollup@4.44.2 want: 4.44.2
623 silly placeDep ROOT @types/estree@1.0.8 OK for: rollup@4.44.2 want: 1.0.8
624 silly reify moves {}
625 silly audit bulk request {
625 silly audit   '@vitejs/plugin-react': [ '4.6.0' ],
625 silly audit   vite: [ '7.0.2' ],
625 silly audit   '@babel/core': [ '7.28.0' ],
625 silly audit   '@babel/plugin-transform-react-jsx-self': [ '7.27.1' ],
625 silly audit   '@babel/plugin-transform-react-jsx-source': [ '7.27.1' ],
625 silly audit   '@rolldown/pluginutils': [ '1.0.0-beta.19' ],
625 silly audit   '@types/babel__core': [ '7.20.5' ],
625 silly audit   'react-refresh': [ '0.17.0' ],
625 silly audit   '@ampproject/remapping': [ '2.3.0' ],
625 silly audit   '@babel/code-frame': [ '7.27.1' ],
625 silly audit   '@babel/generator': [ '7.28.0' ],
625 silly audit   '@babel/helper-compilation-targets': [ '7.27.2' ],
625 silly audit   '@babel/helper-module-transforms': [ '7.27.3' ],
625 silly audit   '@babel/helpers': [ '7.27.6' ],
625 silly audit   '@babel/parser': [ '7.28.0' ],
625 silly audit   '@babel/template': [ '7.27.2' ],
625 silly audit   '@babel/traverse': [ '7.28.0' ],
625 silly audit   '@babel/types': [ '7.28.0' ],
625 silly audit   'convert-source-map': [ '2.0.0' ],
625 silly audit   debug: [ '4.4.1' ],
625 silly audit   gensync: [ '1.0.0-beta.2' ],
625 silly audit   json5: [ '2.2.3' ],
625 silly audit   semver: [ '6.3.1' ],
625 silly audit   '@jridgewell/gen-mapping': [ '0.3.12' ],
625 silly audit   '@jridgewell/trace-mapping': [ '0.3.29' ],
625 silly audit   '@babel/helper-validator-identifier': [ '7.27.1' ],
625 silly audit   'js-tokens': [ '4.0.0' ],
625 silly audit   picocolors: [ '1.1.1' ],
625 silly audit   jsesc: [ '3.1.0' ],
625 silly audit   '@babel/compat-data': [ '7.28.0' ],
625 silly audit   '@babel/helper-validator-option': [ '7.27.1' ],
625 silly audit   browserslist: [ '4.25.1' ],
625 silly audit   'lru-cache': [ '5.1.1' ],
625 silly audit   '@babel/helper-module-imports': [ '7.27.1' ],
625 silly audit   '@babel/helper-plugin-utils': [ '7.27.1' ],
625 silly audit   '@babel/helper-globals': [ '7.28.0' ],
625 silly audit   '@babel/helper-string-parser': [ '7.27.1' ],
625 silly audit   '@jridgewell/sourcemap-codec': [ '1.5.4' ],
625 silly audit   '@jridgewell/resolve-uri': [ '3.1.2' ],
625 silly audit   '@types/babel__generator': [ '7.27.0' ],
625 silly audit   '@types/babel__template': [ '7.4.4' ],
625 silly audit   '@types/babel__traverse': [ '7.20.7' ],
625 silly audit   'caniuse-lite': [ '1.0.30001727' ],
625 silly audit   'electron-to-chromium': [ '1.5.179' ],
625 silly audit   'node-releases': [ '2.0.19' ],
625 silly audit   'update-browserslist-db': [ '1.1.3' ],
625 silly audit   ms: [ '2.1.3' ],
625 silly audit   yallist: [ '3.1.1' ],
625 silly audit   escalade: [ '3.2.0' ],
625 silly audit   esbuild: [ '0.25.5' ],
625 silly audit   fdir: [ '6.4.6' ],
625 silly audit   fsevents: [ '2.3.3' ],
625 silly audit   picomatch: [ '4.0.2' ],
625 silly audit   postcss: [ '8.5.6' ],
625 silly audit   rollup: [ '4.44.2' ],
625 silly audit   tinyglobby: [ '0.2.14' ],
625 silly audit   '@esbuild/aix-ppc64': [ '0.25.5' ],
625 silly audit   '@esbuild/android-arm': [ '0.25.5' ],
625 silly audit   '@esbuild/android-arm64': [ '0.25.5' ],
625 silly audit   '@esbuild/android-x64': [ '0.25.5' ],
625 silly audit   '@esbuild/darwin-arm64': [ '0.25.5' ],
625 silly audit   '@esbuild/darwin-x64': [ '0.25.5' ],
625 silly audit   '@esbuild/freebsd-arm64': [ '0.25.5' ],
625 silly audit   '@esbuild/freebsd-x64': [ '0.25.5' ],
625 silly audit   '@esbuild/linux-arm': [ '0.25.5' ],
625 silly audit   '@esbuild/linux-arm64': [ '0.25.5' ],
625 silly audit   '@esbuild/linux-ia32': [ '0.25.5' ],
625 silly audit   '@esbuild/linux-loong64': [ '0.25.5' ],
625 silly audit   '@esbuild/linux-mips64el': [ '0.25.5' ],
625 silly audit   '@esbuild/linux-ppc64': [ '0.25.5' ],
625 silly audit   '@esbuild/linux-riscv64': [ '0.25.5' ],
625 silly audit   '@esbuild/linux-s390x': [ '0.25.5' ],
625 silly audit   '@esbuild/linux-x64': [ '0.25.5' ],
625 silly audit   '@esbuild/netbsd-arm64': [ '0.25.5' ],
625 silly audit   '@esbuild/netbsd-x64': [ '0.25.5' ],
625 silly audit   '@esbuild/openbsd-arm64': [ '0.25.5' ],
625 silly audit   '@esbuild/openbsd-x64': [ '0.25.5' ],
625 silly audit   '@esbuild/sunos-x64': [ '0.25.5' ],
625 silly audit   '@esbuild/win32-arm64': [ '0.25.5' ],
625 silly audit   '@esbuild/win32-ia32': [ '0.25.5' ],
625 silly audit   '@esbuild/win32-x64': [ '0.25.5' ],
625 silly audit   nanoid: [ '3.3.11' ],
625 silly audit   'source-map-js': [ '1.2.1' ],
625 silly audit   '@rollup/rollup-android-arm-eabi': [ '4.44.2' ],
625 silly audit   '@rollup/rollup-android-arm64': [ '4.44.2' ],
625 silly audit   '@rollup/rollup-darwin-arm64': [ '4.44.2' ],
625 silly audit   '@rollup/rollup-darwin-x64': [ '4.44.2' ],
625 silly audit   '@rollup/rollup-freebsd-arm64': [ '4.44.2' ],
625 silly audit   '@rollup/rollup-freebsd-x64': [ '4.44.2' ],
625 silly audit   '@rollup/rollup-linux-arm-gnueabihf': [ '4.44.2' ],
625 silly audit   '@rollup/rollup-linux-arm-musleabihf': [ '4.44.2' ],
625 silly audit   '@rollup/rollup-linux-arm64-gnu': [ '4.44.2' ],
625 silly audit   '@rollup/rollup-linux-arm64-musl': [ '4.44.2' ],
625 silly audit   '@rollup/rollup-linux-loongarch64-gnu': [ '4.44.2' ],
625 silly audit   '@rollup/rollup-linux-powerpc64le-gnu': [ '4.44.2' ],
625 silly audit   '@rollup/rollup-linux-riscv64-gnu': [ '4.44.2' ],
625 silly audit   '@rollup/rollup-linux-riscv64-musl': [ '4.44.2' ],
625 silly audit   '@rollup/rollup-linux-s390x-gnu': [ '4.44.2' ],
625 silly audit   '@rollup/rollup-linux-x64-gnu': [ '4.44.2' ],
625 silly audit   '@rollup/rollup-linux-x64-musl': [ '4.44.2' ],
625 silly audit   '@rollup/rollup-win32-arm64-msvc': [ '4.44.2' ],
625 silly audit   '@rollup/rollup-win32-ia32-msvc': [ '4.44.2' ],
625 silly audit   '@rollup/rollup-win32-x64-msvc': [ '4.44.2' ],
625 silly audit   '@types/estree': [ '1.0.8' ]
625 silly audit }
626 verbose reify failed optional dependency C:\Users\paradise\Downloads\ts-pokedex\node_modules\@rollup\rollup-win32-ia32-msvc
627 silly reify mark deleted [
627 silly reify   'C:\\Users\\paradise\\Downloads\\ts-pokedex\\node_modules\\@rollup\\rollup-win32-ia32-msvc'
627 silly reify ]
628 verbose reify failed optional dependency C:\Users\paradise\Downloads\ts-pokedex\node_modules\@rollup\rollup-win32-arm64-msvc
629 silly reify mark deleted [
629 silly reify   'C:\\Users\\paradise\\Downloads\\ts-pokedex\\node_modules\\@rollup\\rollup-win32-arm64-msvc'
629 silly reify ]
630 verbose reify failed optional dependency C:\Users\paradise\Downloads\ts-pokedex\node_modules\@rollup\rollup-linux-x64-musl
631 silly reify mark deleted [
631 silly reify   'C:\\Users\\paradise\\Downloads\\ts-pokedex\\node_modules\\@rollup\\rollup-linux-x64-musl'
631 silly reify ]
632 verbose reify failed optional dependency C:\Users\paradise\Downloads\ts-pokedex\node_modules\@rollup\rollup-linux-x64-gnu
633 silly reify mark deleted [
633 silly reify   'C:\\Users\\paradise\\Downloads\\ts-pokedex\\node_modules\\@rollup\\rollup-linux-x64-gnu'
633 silly reify ]
634 verbose reify failed optional dependency C:\Users\paradise\Downloads\ts-pokedex\node_modules\@rollup\rollup-linux-s390x-gnu
635 silly reify mark deleted [
635 silly reify   'C:\\Users\\paradise\\Downloads\\ts-pokedex\\node_modules\\@rollup\\rollup-linux-s390x-gnu'
635 silly reify ]
636 verbose reify failed optional dependency C:\Users\paradise\Downloads\ts-pokedex\node_modules\@rollup\rollup-linux-riscv64-musl
637 silly reify mark deleted [
637 silly reify   'C:\\Users\\paradise\\Downloads\\ts-pokedex\\node_modules\\@rollup\\rollup-linux-riscv64-musl'
637 silly reify ]
638 verbose reify failed optional dependency C:\Users\paradise\Downloads\ts-pokedex\node_modules\@rollup\rollup-linux-riscv64-gnu
639 silly reify mark deleted [
639 silly reify   'C:\\Users\\paradise\\Downloads\\ts-pokedex\\node_modules\\@rollup\\rollup-linux-riscv64-gnu'
639 silly reify ]
640 verbose reify failed optional dependency C:\Users\paradise\Downloads\ts-pokedex\node_modules\@rollup\rollup-linux-powerpc64le-gnu
641 silly reify mark deleted [
641 silly reify   'C:\\Users\\paradise\\Downloads\\ts-pokedex\\node_modules\\@rollup\\rollup-linux-powerpc64le-gnu'
641 silly reify ]
642 verbose reify failed optional dependency C:\Users\paradise\Downloads\ts-pokedex\node_modules\@rollup\rollup-linux-loongarch64-gnu
643 silly reify mark deleted [
643 silly reify   'C:\\Users\\paradise\\Downloads\\ts-pokedex\\node_modules\\@rollup\\rollup-linux-loongarch64-gnu'
643 silly reify ]
644 verbose reify failed optional dependency C:\Users\paradise\Downloads\ts-pokedex\node_modules\@rollup\rollup-linux-arm64-musl
645 silly reify mark deleted [
645 silly reify   'C:\\Users\\paradise\\Downloads\\ts-pokedex\\node_modules\\@rollup\\rollup-linux-arm64-musl'
645 silly reify ]
646 verbose reify failed optional dependency C:\Users\paradise\Downloads\ts-pokedex\node_modules\@rollup\rollup-linux-arm64-gnu
647 silly reify mark deleted [
647 silly reify   'C:\\Users\\paradise\\Downloads\\ts-pokedex\\node_modules\\@rollup\\rollup-linux-arm64-gnu'
647 silly reify ]
648 verbose reify failed optional dependency C:\Users\paradise\Downloads\ts-pokedex\node_modules\@rollup\rollup-linux-arm-musleabihf
649 silly reify mark deleted [
649 silly reify   'C:\\Users\\paradise\\Downloads\\ts-pokedex\\node_modules\\@rollup\\rollup-linux-arm-musleabihf'
649 silly reify ]
650 verbose reify failed optional dependency C:\Users\paradise\Downloads\ts-pokedex\node_modules\@rollup\rollup-linux-arm-gnueabihf
651 silly reify mark deleted [
651 silly reify   'C:\\Users\\paradise\\Downloads\\ts-pokedex\\node_modules\\@rollup\\rollup-linux-arm-gnueabihf'
651 silly reify ]
652 verbose reify failed optional dependency C:\Users\paradise\Downloads\ts-pokedex\node_modules\@rollup\rollup-freebsd-x64
653 silly reify mark deleted [
653 silly reify   'C:\\Users\\paradise\\Downloads\\ts-pokedex\\node_modules\\@rollup\\rollup-freebsd-x64'
653 silly reify ]
654 verbose reify failed optional dependency C:\Users\paradise\Downloads\ts-pokedex\node_modules\@rollup\rollup-freebsd-arm64
655 silly reify mark deleted [
655 silly reify   'C:\\Users\\paradise\\Downloads\\ts-pokedex\\node_modules\\@rollup\\rollup-freebsd-arm64'
655 silly reify ]
656 verbose reify failed optional dependency C:\Users\paradise\Downloads\ts-pokedex\node_modules\@rollup\rollup-darwin-x64
657 silly reify mark deleted [
657 silly reify   'C:\\Users\\paradise\\Downloads\\ts-pokedex\\node_modules\\@rollup\\rollup-darwin-x64'
657 silly reify ]
658 verbose reify failed optional dependency C:\Users\paradise\Downloads\ts-pokedex\node_modules\@rollup\rollup-darwin-arm64
659 silly reify mark deleted [
659 silly reify   'C:\\Users\\paradise\\Downloads\\ts-pokedex\\node_modules\\@rollup\\rollup-darwin-arm64'
659 silly reify ]
660 verbose reify failed optional dependency C:\Users\paradise\Downloads\ts-pokedex\node_modules\@rollup\rollup-android-arm64
661 silly reify mark deleted [
661 silly reify   'C:\\Users\\paradise\\Downloads\\ts-pokedex\\node_modules\\@rollup\\rollup-android-arm64'
661 silly reify ]
662 verbose reify failed optional dependency C:\Users\paradise\Downloads\ts-pokedex\node_modules\@rollup\rollup-android-arm-eabi
663 silly reify mark deleted [
663 silly reify   'C:\\Users\\paradise\\Downloads\\ts-pokedex\\node_modules\\@rollup\\rollup-android-arm-eabi'
663 silly reify ]
664 verbose reify failed optional dependency C:\Users\paradise\Downloads\ts-pokedex\node_modules\@esbuild\win32-ia32
665 silly reify mark deleted [
665 silly reify   'C:\\Users\\paradise\\Downloads\\ts-pokedex\\node_modules\\@esbuild\\win32-ia32'
665 silly reify ]
666 verbose reify failed optional dependency C:\Users\paradise\Downloads\ts-pokedex\node_modules\@esbuild\win32-arm64
667 silly reify mark deleted [
667 silly reify   'C:\\Users\\paradise\\Downloads\\ts-pokedex\\node_modules\\@esbuild\\win32-arm64'
667 silly reify ]
668 verbose reify failed optional dependency C:\Users\paradise\Downloads\ts-pokedex\node_modules\@esbuild\sunos-x64
669 silly reify mark deleted [
669 silly reify   'C:\\Users\\paradise\\Downloads\\ts-pokedex\\node_modules\\@esbuild\\sunos-x64'
669 silly reify ]
670 verbose reify failed optional dependency C:\Users\paradise\Downloads\ts-pokedex\node_modules\@esbuild\openbsd-x64
671 silly reify mark deleted [
671 silly reify   'C:\\Users\\paradise\\Downloads\\ts-pokedex\\node_modules\\@esbuild\\openbsd-x64'
671 silly reify ]
672 verbose reify failed optional dependency C:\Users\paradise\Downloads\ts-pokedex\node_modules\@esbuild\openbsd-arm64
673 silly reify mark deleted [
673 silly reify   'C:\\Users\\paradise\\Downloads\\ts-pokedex\\node_modules\\@esbuild\\openbsd-arm64'
673 silly reify ]
674 verbose reify failed optional dependency C:\Users\paradise\Downloads\ts-pokedex\node_modules\@esbuild\netbsd-x64
675 silly reify mark deleted [
675 silly reify   'C:\\Users\\paradise\\Downloads\\ts-pokedex\\node_modules\\@esbuild\\netbsd-x64'
675 silly reify ]
676 verbose reify failed optional dependency C:\Users\paradise\Downloads\ts-pokedex\node_modules\@esbuild\netbsd-arm64
677 silly reify mark deleted [
677 silly reify   'C:\\Users\\paradise\\Downloads\\ts-pokedex\\node_modules\\@esbuild\\netbsd-arm64'
677 silly reify ]
678 verbose reify failed optional dependency C:\Users\paradise\Downloads\ts-pokedex\node_modules\@esbuild\linux-x64
679 silly reify mark deleted [
679 silly reify   'C:\\Users\\paradise\\Downloads\\ts-pokedex\\node_modules\\@esbuild\\linux-x64'
679 silly reify ]
680 verbose reify failed optional dependency C:\Users\paradise\Downloads\ts-pokedex\node_modules\@esbuild\linux-s390x
681 silly reify mark deleted [
681 silly reify   'C:\\Users\\paradise\\Downloads\\ts-pokedex\\node_modules\\@esbuild\\linux-s390x'
681 silly reify ]
682 verbose reify failed optional dependency C:\Users\paradise\Downloads\ts-pokedex\node_modules\@esbuild\linux-riscv64
683 silly reify mark deleted [
683 silly reify   'C:\\Users\\paradise\\Downloads\\ts-pokedex\\node_modules\\@esbuild\\linux-riscv64'
683 silly reify ]
684 verbose reify failed optional dependency C:\Users\paradise\Downloads\ts-pokedex\node_modules\@esbuild\linux-ppc64
685 silly reify mark deleted [
685 silly reify   'C:\\Users\\paradise\\Downloads\\ts-pokedex\\node_modules\\@esbuild\\linux-ppc64'
685 silly reify ]
686 verbose reify failed optional dependency C:\Users\paradise\Downloads\ts-pokedex\node_modules\@esbuild\linux-mips64el
687 silly reify mark deleted [
687 silly reify   'C:\\Users\\paradise\\Downloads\\ts-pokedex\\node_modules\\@esbuild\\linux-mips64el'
687 silly reify ]
688 verbose reify failed optional dependency C:\Users\paradise\Downloads\ts-pokedex\node_modules\@esbuild\linux-loong64
689 silly reify mark deleted [
689 silly reify   'C:\\Users\\paradise\\Downloads\\ts-pokedex\\node_modules\\@esbuild\\linux-loong64'
689 silly reify ]
690 verbose reify failed optional dependency C:\Users\paradise\Downloads\ts-pokedex\node_modules\@esbuild\linux-ia32
691 silly reify mark deleted [
691 silly reify   'C:\\Users\\paradise\\Downloads\\ts-pokedex\\node_modules\\@esbuild\\linux-ia32'
691 silly reify ]
692 verbose reify failed optional dependency C:\Users\paradise\Downloads\ts-pokedex\node_modules\@esbuild\linux-arm64
693 silly reify mark deleted [
693 silly reify   'C:\\Users\\paradise\\Downloads\\ts-pokedex\\node_modules\\@esbuild\\linux-arm64'
693 silly reify ]
694 verbose reify failed optional dependency C:\Users\paradise\Downloads\ts-pokedex\node_modules\@esbuild\linux-arm
695 silly reify mark deleted [
695 silly reify   'C:\\Users\\paradise\\Downloads\\ts-pokedex\\node_modules\\@esbuild\\linux-arm'
695 silly reify ]
696 verbose reify failed optional dependency C:\Users\paradise\Downloads\ts-pokedex\node_modules\@esbuild\freebsd-x64
697 silly reify mark deleted [
697 silly reify   'C:\\Users\\paradise\\Downloads\\ts-pokedex\\node_modules\\@esbuild\\freebsd-x64'
697 silly reify ]
698 verbose reify failed optional dependency C:\Users\paradise\Downloads\ts-pokedex\node_modules\@esbuild\freebsd-arm64
699 silly reify mark deleted [
699 silly reify   'C:\\Users\\paradise\\Downloads\\ts-pokedex\\node_modules\\@esbuild\\freebsd-arm64'
699 silly reify ]
700 verbose reify failed optional dependency C:\Users\paradise\Downloads\ts-pokedex\node_modules\@esbuild\darwin-x64
701 silly reify mark deleted [
701 silly reify   'C:\\Users\\paradise\\Downloads\\ts-pokedex\\node_modules\\@esbuild\\darwin-x64'
701 silly reify ]
702 verbose reify failed optional dependency C:\Users\paradise\Downloads\ts-pokedex\node_modules\@esbuild\darwin-arm64
703 silly reify mark deleted [
703 silly reify   'C:\\Users\\paradise\\Downloads\\ts-pokedex\\node_modules\\@esbuild\\darwin-arm64'
703 silly reify ]
704 verbose reify failed optional dependency C:\Users\paradise\Downloads\ts-pokedex\node_modules\@esbuild\android-x64
705 silly reify mark deleted [
705 silly reify   'C:\\Users\\paradise\\Downloads\\ts-pokedex\\node_modules\\@esbuild\\android-x64'
705 silly reify ]
706 verbose reify failed optional dependency C:\Users\paradise\Downloads\ts-pokedex\node_modules\@esbuild\android-arm64
707 silly reify mark deleted [
707 silly reify   'C:\\Users\\paradise\\Downloads\\ts-pokedex\\node_modules\\@esbuild\\android-arm64'
707 silly reify ]
708 verbose reify failed optional dependency C:\Users\paradise\Downloads\ts-pokedex\node_modules\@esbuild\android-arm
709 silly reify mark deleted [
709 silly reify   'C:\\Users\\paradise\\Downloads\\ts-pokedex\\node_modules\\@esbuild\\android-arm'
709 silly reify ]
710 verbose reify failed optional dependency C:\Users\paradise\Downloads\ts-pokedex\node_modules\@esbuild\aix-ppc64
711 silly reify mark deleted [
711 silly reify   'C:\\Users\\paradise\\Downloads\\ts-pokedex\\node_modules\\@esbuild\\aix-ppc64'
711 silly reify ]
712 verbose reify failed optional dependency C:\Users\paradise\Downloads\ts-pokedex\node_modules\fsevents
713 silly reify mark deleted [
713 silly reify   'C:\\Users\\paradise\\Downloads\\ts-pokedex\\node_modules\\fsevents'
713 silly reify ]
714 http cache @types/estree@https://registry.npmjs.org/@types/estree/-/estree-1.0.8.tgz 0ms (cache hit)
715 http cache @rollup/rollup-win32-x64-msvc@https://registry.npmjs.org/@rollup/rollup-win32-x64-msvc/-/rollup-win32-x64-msvc-4.44.2.tgz 0ms (cache hit)
716 http cache source-map-js@https://registry.npmjs.org/source-map-js/-/source-map-js-1.2.1.tgz 0ms (cache hit)
717 http cache nanoid@https://registry.npmjs.org/nanoid/-/nanoid-3.3.11.tgz 0ms (cache hit)
718 http cache @esbuild/win32-x64@https://registry.npmjs.org/@esbuild/win32-x64/-/win32-x64-0.25.5.tgz 0ms (cache hit)
719 http cache tinyglobby@https://registry.npmjs.org/tinyglobby/-/tinyglobby-0.2.14.tgz 0ms (cache hit)
720 http cache rollup@https://registry.npmjs.org/rollup/-/rollup-4.44.2.tgz 0ms (cache hit)
721 http cache postcss@https://registry.npmjs.org/postcss/-/postcss-8.5.6.tgz 0ms (cache hit)
722 http cache picomatch@https://registry.npmjs.org/picomatch/-/picomatch-4.0.2.tgz 0ms (cache hit)
723 http cache fdir@https://registry.npmjs.org/fdir/-/fdir-6.4.6.tgz 0ms (cache hit)
724 http cache escalade@https://registry.npmjs.org/escalade/-/escalade-3.2.0.tgz 0ms (cache hit)
725 http cache esbuild@https://registry.npmjs.org/esbuild/-/esbuild-0.25.5.tgz 0ms (cache hit)
726 http cache yallist@https://registry.npmjs.org/yallist/-/yallist-3.1.1.tgz 0ms (cache hit)
727 http cache ms@https://registry.npmjs.org/ms/-/ms-2.1.3.tgz 0ms (cache hit)
728 http cache update-browserslist-db@https://registry.npmjs.org/update-browserslist-db/-/update-browserslist-db-1.1.3.tgz 0ms (cache hit)
729 http cache node-releases@https://registry.npmjs.org/node-releases/-/node-releases-2.0.19.tgz 0ms (cache hit)
730 http cache electron-to-chromium@https://registry.npmjs.org/electron-to-chromium/-/electron-to-chromium-1.5.179.tgz 0ms (cache hit)
731 http cache caniuse-lite@https://registry.npmjs.org/caniuse-lite/-/caniuse-lite-1.0.30001727.tgz 0ms (cache hit)
732 http cache @types/babel__template@https://registry.npmjs.org/@types/babel__template/-/babel__template-7.4.4.tgz 0ms (cache hit)
733 http cache @types/babel__traverse@https://registry.npmjs.org/@types/babel__traverse/-/babel__traverse-7.20.7.tgz 0ms (cache hit)
734 http cache @types/babel__generator@https://registry.npmjs.org/@types/babel__generator/-/babel__generator-7.27.0.tgz 0ms (cache hit)
735 http cache @jridgewell/resolve-uri@https://registry.npmjs.org/@jridgewell/resolve-uri/-/resolve-uri-3.1.2.tgz 0ms (cache hit)
736 http cache @jridgewell/sourcemap-codec@https://registry.npmjs.org/@jridgewell/sourcemap-codec/-/sourcemap-codec-1.5.4.tgz 0ms (cache hit)
737 http cache @babel/helper-plugin-utils@https://registry.npmjs.org/@babel/helper-plugin-utils/-/helper-plugin-utils-7.27.1.tgz 0ms (cache hit)
738 http cache @babel/helper-string-parser@https://registry.npmjs.org/@babel/helper-string-parser/-/helper-string-parser-7.27.1.tgz 0ms (cache hit)
739 http cache @babel/helper-globals@https://registry.npmjs.org/@babel/helper-globals/-/helper-globals-7.28.0.tgz 0ms (cache hit)
740 http cache @babel/helper-module-imports@https://registry.npmjs.org/@babel/helper-module-imports/-/helper-module-imports-7.27.1.tgz 0ms (cache hit)
741 http cache lru-cache@https://registry.npmjs.org/lru-cache/-/lru-cache-5.1.1.tgz 0ms (cache hit)
742 http cache @babel/helper-validator-option@https://registry.npmjs.org/@babel/helper-validator-option/-/helper-validator-option-7.27.1.tgz 0ms (cache hit)
743 http cache browserslist@https://registry.npmjs.org/browserslist/-/browserslist-4.25.1.tgz 0ms (cache hit)
744 http cache @babel/compat-data@https://registry.npmjs.org/@babel/compat-data/-/compat-data-7.28.0.tgz 0ms (cache hit)
745 http cache jsesc@https://registry.npmjs.org/jsesc/-/jsesc-3.1.0.tgz 0ms (cache hit)
746 http cache @jridgewell/trace-mapping@https://registry.npmjs.org/@jridgewell/trace-mapping/-/trace-mapping-0.3.29.tgz 0ms (cache hit)
747 http cache js-tokens@https://registry.npmjs.org/js-tokens/-/js-tokens-4.0.0.tgz 0ms (cache hit)
748 http cache @babel/helper-validator-identifier@https://registry.npmjs.org/@babel/helper-validator-identifier/-/helper-validator-identifier-7.27.1.tgz 0ms (cache hit)
749 http cache picocolors@https://registry.npmjs.org/picocolors/-/picocolors-1.1.1.tgz 0ms (cache hit)
750 http cache @jridgewell/gen-mapping@https://registry.npmjs.org/@jridgewell/gen-mapping/-/gen-mapping-0.3.12.tgz 0ms (cache hit)
751 http cache gensync@https://registry.npmjs.org/gensync/-/gensync-1.0.0-beta.2.tgz 0ms (cache hit)
752 http cache json5@https://registry.npmjs.org/json5/-/json5-2.2.3.tgz 0ms (cache hit)
753 http cache semver@https://registry.npmjs.org/semver/-/semver-6.3.1.tgz 0ms (cache hit)
754 http cache debug@https://registry.npmjs.org/debug/-/debug-4.4.1.tgz 0ms (cache hit)
755 http cache convert-source-map@https://registry.npmjs.org/convert-source-map/-/convert-source-map-2.0.0.tgz 0ms (cache hit)
756 http cache @babel/traverse@https://registry.npmjs.org/@babel/traverse/-/traverse-7.28.0.tgz 0ms (cache hit)
757 http cache @babel/parser@https://registry.npmjs.org/@babel/parser/-/parser-7.28.0.tgz 0ms (cache hit)
758 http cache @babel/types@https://registry.npmjs.org/@babel/types/-/types-7.28.0.tgz 0ms (cache hit)
759 http cache @babel/template@https://registry.npmjs.org/@babel/template/-/template-7.27.2.tgz 0ms (cache hit)
760 http cache @babel/helper-module-transforms@https://registry.npmjs.org/@babel/helper-module-transforms/-/helper-module-transforms-7.27.3.tgz 0ms (cache hit)
761 http cache @babel/helpers@https://registry.npmjs.org/@babel/helpers/-/helpers-7.27.6.tgz 0ms (cache hit)
762 http cache @babel/generator@https://registry.npmjs.org/@babel/generator/-/generator-7.28.0.tgz 0ms (cache hit)
763 http cache @babel/code-frame@https://registry.npmjs.org/@babel/code-frame/-/code-frame-7.27.1.tgz 0ms (cache hit)
764 http cache @babel/helper-compilation-targets@https://registry.npmjs.org/@babel/helper-compilation-targets/-/helper-compilation-targets-7.27.2.tgz 0ms (cache hit)
765 http cache @ampproject/remapping@https://registry.npmjs.org/@ampproject/remapping/-/remapping-2.3.0.tgz 0ms (cache hit)
766 http cache @types/babel__core@https://registry.npmjs.org/@types/babel__core/-/babel__core-7.20.5.tgz 0ms (cache hit)
767 http cache react-refresh@https://registry.npmjs.org/react-refresh/-/react-refresh-0.17.0.tgz 0ms (cache hit)
768 http cache @rolldown/pluginutils@https://registry.npmjs.org/@rolldown/pluginutils/-/pluginutils-1.0.0-beta.19.tgz 0ms (cache hit)
769 http cache @babel/plugin-transform-react-jsx-source@https://registry.npmjs.org/@babel/plugin-transform-react-jsx-source/-/plugin-transform-react-jsx-source-7.27.1.tgz 0ms (cache hit)
770 http cache vite@https://registry.npmjs.org/vite/-/vite-7.0.2.tgz 0ms (cache hit)
771 http cache @babel/plugin-transform-react-jsx-self@https://registry.npmjs.org/@babel/plugin-transform-react-jsx-self/-/plugin-transform-react-jsx-self-7.27.1.tgz 0ms (cache hit)
772 http cache @babel/core@https://registry.npmjs.org/@babel/core/-/core-7.28.0.tgz 0ms (cache hit)
773 http cache @vitejs/plugin-react@https://registry.npmjs.org/@vitejs/plugin-react/-/plugin-react-4.6.0.tgz 0ms (cache hit)
774 silly tarball no local data for source-map-js@https://registry.npmjs.org/source-map-js/-/source-map-js-1.2.1.tgz. Extracting by manifest.
775 silly tarball no local data for nanoid@https://registry.npmjs.org/nanoid/-/nanoid-3.3.11.tgz. Extracting by manifest.
776 silly tarball no local data for postcss@https://registry.npmjs.org/postcss/-/postcss-8.5.6.tgz. Extracting by manifest.
777 silly tarball no local data for escalade@https://registry.npmjs.org/escalade/-/escalade-3.2.0.tgz. Extracting by manifest.
778 silly tarball no local data for yallist@https://registry.npmjs.org/yallist/-/yallist-3.1.1.tgz. Extracting by manifest.
779 silly tarball no local data for ms@https://registry.npmjs.org/ms/-/ms-2.1.3.tgz. Extracting by manifest.
780 silly tarball no local data for update-browserslist-db@https://registry.npmjs.org/update-browserslist-db/-/update-browserslist-db-1.1.3.tgz. Extracting by manifest.
781 silly tarball no local data for node-releases@https://registry.npmjs.org/node-releases/-/node-releases-2.0.19.tgz. Extracting by manifest.
782 silly tarball no local data for electron-to-chromium@https://registry.npmjs.org/electron-to-chromium/-/electron-to-chromium-1.5.179.tgz. Extracting by manifest.
783 silly tarball no local data for caniuse-lite@https://registry.npmjs.org/caniuse-lite/-/caniuse-lite-1.0.30001727.tgz. Extracting by manifest.
784 silly tarball no local data for @types/babel__template@https://registry.npmjs.org/@types/babel__template/-/babel__template-7.4.4.tgz. Extracting by manifest.
785 silly tarball no local data for @types/babel__traverse@https://registry.npmjs.org/@types/babel__traverse/-/babel__traverse-7.20.7.tgz. Extracting by manifest.
786 silly tarball no local data for @types/babel__generator@https://registry.npmjs.org/@types/babel__generator/-/babel__generator-7.27.0.tgz. Extracting by manifest.
787 silly tarball no local data for @jridgewell/resolve-uri@https://registry.npmjs.org/@jridgewell/resolve-uri/-/resolve-uri-3.1.2.tgz. Extracting by manifest.
788 silly tarball no local data for @jridgewell/sourcemap-codec@https://registry.npmjs.org/@jridgewell/sourcemap-codec/-/sourcemap-codec-1.5.4.tgz. Extracting by manifest.
789 silly tarball no local data for @babel/helper-plugin-utils@https://registry.npmjs.org/@babel/helper-plugin-utils/-/helper-plugin-utils-7.27.1.tgz. Extracting by manifest.
790 silly tarball no local data for @babel/helper-string-parser@https://registry.npmjs.org/@babel/helper-string-parser/-/helper-string-parser-7.27.1.tgz. Extracting by manifest.
791 silly tarball no local data for @babel/helper-globals@https://registry.npmjs.org/@babel/helper-globals/-/helper-globals-7.28.0.tgz. Extracting by manifest.
792 silly tarball no local data for @babel/helper-module-imports@https://registry.npmjs.org/@babel/helper-module-imports/-/helper-module-imports-7.27.1.tgz. Extracting by manifest.
793 silly tarball no local data for lru-cache@https://registry.npmjs.org/lru-cache/-/lru-cache-5.1.1.tgz. Extracting by manifest.
794 silly tarball no local data for @babel/helper-validator-option@https://registry.npmjs.org/@babel/helper-validator-option/-/helper-validator-option-7.27.1.tgz. Extracting by manifest.
795 silly tarball no local data for browserslist@https://registry.npmjs.org/browserslist/-/browserslist-4.25.1.tgz. Extracting by manifest.
796 silly tarball no local data for @babel/compat-data@https://registry.npmjs.org/@babel/compat-data/-/compat-data-7.28.0.tgz. Extracting by manifest.
797 silly tarball no local data for jsesc@https://registry.npmjs.org/jsesc/-/jsesc-3.1.0.tgz. Extracting by manifest.
798 silly tarball no local data for @jridgewell/trace-mapping@https://registry.npmjs.org/@jridgewell/trace-mapping/-/trace-mapping-0.3.29.tgz. Extracting by manifest.
799 silly tarball no local data for js-tokens@https://registry.npmjs.org/js-tokens/-/js-tokens-4.0.0.tgz. Extracting by manifest.
800 silly tarball no local data for @babel/helper-validator-identifier@https://registry.npmjs.org/@babel/helper-validator-identifier/-/helper-validator-identifier-7.27.1.tgz. Extracting by manifest.
801 silly tarball no local data for picocolors@https://registry.npmjs.org/picocolors/-/picocolors-1.1.1.tgz. Extracting by manifest.
802 silly tarball no local data for @jridgewell/gen-mapping@https://registry.npmjs.org/@jridgewell/gen-mapping/-/gen-mapping-0.3.12.tgz. Extracting by manifest.
803 silly tarball no local data for gensync@https://registry.npmjs.org/gensync/-/gensync-1.0.0-beta.2.tgz. Extracting by manifest.
804 silly tarball no local data for json5@https://registry.npmjs.org/json5/-/json5-2.2.3.tgz. Extracting by manifest.
805 silly tarball no local data for semver@https://registry.npmjs.org/semver/-/semver-6.3.1.tgz. Extracting by manifest.
806 silly tarball no local data for debug@https://registry.npmjs.org/debug/-/debug-4.4.1.tgz. Extracting by manifest.
807 silly tarball no local data for convert-source-map@https://registry.npmjs.org/convert-source-map/-/convert-source-map-2.0.0.tgz. Extracting by manifest.
808 silly tarball no local data for @babel/traverse@https://registry.npmjs.org/@babel/traverse/-/traverse-7.28.0.tgz. Extracting by manifest.
809 silly tarball no local data for @babel/parser@https://registry.npmjs.org/@babel/parser/-/parser-7.28.0.tgz. Extracting by manifest.
810 silly tarball no local data for @babel/types@https://registry.npmjs.org/@babel/types/-/types-7.28.0.tgz. Extracting by manifest.
811 silly tarball no local data for @babel/template@https://registry.npmjs.org/@babel/template/-/template-7.27.2.tgz. Extracting by manifest.
812 silly tarball no local data for @babel/helper-module-transforms@https://registry.npmjs.org/@babel/helper-module-transforms/-/helper-module-transforms-7.27.3.tgz. Extracting by manifest.
813 silly tarball no local data for @babel/helpers@https://registry.npmjs.org/@babel/helpers/-/helpers-7.27.6.tgz. Extracting by manifest.
814 silly tarball no local data for @babel/generator@https://registry.npmjs.org/@babel/generator/-/generator-7.28.0.tgz. Extracting by manifest.
815 silly tarball no local data for @babel/code-frame@https://registry.npmjs.org/@babel/code-frame/-/code-frame-7.27.1.tgz. Extracting by manifest.
816 silly tarball no local data for @babel/helper-compilation-targets@https://registry.npmjs.org/@babel/helper-compilation-targets/-/helper-compilation-targets-7.27.2.tgz. Extracting by manifest.
817 silly tarball no local data for @ampproject/remapping@https://registry.npmjs.org/@ampproject/remapping/-/remapping-2.3.0.tgz. Extracting by manifest.
818 silly tarball no local data for @types/babel__core@https://registry.npmjs.org/@types/babel__core/-/babel__core-7.20.5.tgz. Extracting by manifest.
819 silly tarball no local data for react-refresh@https://registry.npmjs.org/react-refresh/-/react-refresh-0.17.0.tgz. Extracting by manifest.
820 silly tarball no local data for @rolldown/pluginutils@https://registry.npmjs.org/@rolldown/pluginutils/-/pluginutils-1.0.0-beta.19.tgz. Extracting by manifest.
821 silly tarball no local data for @babel/plugin-transform-react-jsx-source@https://registry.npmjs.org/@babel/plugin-transform-react-jsx-source/-/plugin-transform-react-jsx-source-7.27.1.tgz. Extracting by manifest.
822 silly tarball no local data for @babel/plugin-transform-react-jsx-self@https://registry.npmjs.org/@babel/plugin-transform-react-jsx-self/-/plugin-transform-react-jsx-self-7.27.1.tgz. Extracting by manifest.
823 silly tarball no local data for @babel/core@https://registry.npmjs.org/@babel/core/-/core-7.28.0.tgz. Extracting by manifest.
824 silly tarball no local data for @vitejs/plugin-react@https://registry.npmjs.org/@vitejs/plugin-react/-/plugin-react-4.6.0.tgz. Extracting by manifest.
825 http fetch POST 200 https://registry.npmjs.org/-/npm/v1/security/advisories/bulk 283ms
826 silly audit report {}
827 http fetch GET 200 https://registry.npmjs.org/nanoid/-/nanoid-3.3.11.tgz 449ms (cache miss)
828 http fetch GET 200 https://registry.npmjs.org/escalade/-/escalade-3.2.0.tgz 447ms (cache miss)
829 http fetch GET 200 https://registry.npmjs.org/yallist/-/yallist-3.1.1.tgz 508ms (cache miss)
830 http fetch GET 200 https://registry.npmjs.org/ms/-/ms-2.1.3.tgz 557ms (cache miss)
831 http fetch GET 200 https://registry.npmjs.org/@babel/helper-module-imports/-/helper-module-imports-7.27.1.tgz 553ms (cache miss)
832 http fetch GET 200 https://registry.npmjs.org/@babel/helper-plugin-utils/-/helper-plugin-utils-7.27.1.tgz 569ms (cache miss)
833 http fetch GET 200 https://registry.npmjs.org/@babel/helper-string-parser/-/helper-string-parser-7.27.1.tgz 570ms (cache miss)
834 http fetch GET 200 https://registry.npmjs.org/@babel/helper-globals/-/helper-globals-7.28.0.tgz 572ms (cache miss)
835 http fetch GET 200 https://registry.npmjs.org/lru-cache/-/lru-cache-5.1.1.tgz 581ms (cache miss)
836 http fetch GET 200 https://registry.npmjs.org/@babel/helper-validator-option/-/helper-validator-option-7.27.1.tgz 584ms (cache miss)
837 http fetch GET 200 https://registry.npmjs.org/@babel/compat-data/-/compat-data-7.28.0.tgz 607ms (cache miss)
838 http fetch GET 200 https://registry.npmjs.org/jsesc/-/jsesc-3.1.0.tgz 648ms (cache miss)
839 http fetch GET 200 https://registry.npmjs.org/picocolors/-/picocolors-1.1.1.tgz 647ms (cache miss)
840 http fetch GET 200 https://registry.npmjs.org/@babel/helper-validator-identifier/-/helper-validator-identifier-7.27.1.tgz 667ms (cache miss)
841 http fetch GET 200 https://registry.npmjs.org/js-tokens/-/js-tokens-4.0.0.tgz 675ms (cache miss)
842 http fetch GET 200 https://registry.npmjs.org/gensync/-/gensync-1.0.0-beta.2.tgz 675ms (cache miss)
843 http fetch GET 200 https://registry.npmjs.org/convert-source-map/-/convert-source-map-2.0.0.tgz 676ms (cache miss)
844 http fetch GET 200 https://registry.npmjs.org/@types/babel__template/-/babel__template-7.4.4.tgz 703ms (cache miss)
845 http fetch GET 200 https://registry.npmjs.org/@ampproject/remapping/-/remapping-2.3.0.tgz 793ms (cache miss)
846 http fetch GET 200 https://registry.npmjs.org/react-refresh/-/react-refresh-0.17.0.tgz 793ms (cache miss)
847 http fetch GET 200 https://registry.npmjs.org/@types/babel__generator/-/babel__generator-7.27.0.tgz 816ms (cache miss)
848 http fetch GET 200 https://registry.npmjs.org/debug/-/debug-4.4.1.tgz 818ms (cache miss)
849 http fetch GET 200 https://registry.npmjs.org/@types/babel__core/-/babel__core-7.20.5.tgz 830ms (cache miss)
850 http fetch GET 200 https://registry.npmjs.org/node-releases/-/node-releases-2.0.19.tgz 881ms (cache miss)
851 http fetch GET 200 https://registry.npmjs.org/@babel/plugin-transform-react-jsx-self/-/plugin-transform-react-jsx-self-7.27.1.tgz 866ms (cache miss)
852 http fetch GET 200 https://registry.npmjs.org/@babel/code-frame/-/code-frame-7.27.1.tgz 881ms (cache miss)
853 http fetch GET 200 https://registry.npmjs.org/@babel/plugin-transform-react-jsx-source/-/plugin-transform-react-jsx-source-7.27.1.tgz 906ms (cache miss)
854 http fetch GET 200 https://registry.npmjs.org/@rolldown/pluginutils/-/pluginutils-1.0.0-beta.19.tgz 1021ms (cache miss)
855 http fetch GET 200 https://registry.npmjs.org/@types/babel__traverse/-/babel__traverse-7.20.7.tgz 1052ms (cache miss)
856 http fetch GET 200 https://registry.npmjs.org/update-browserslist-db/-/update-browserslist-db-1.1.3.tgz 1059ms (cache miss)
857 http fetch GET 200 https://registry.npmjs.org/browserslist/-/browserslist-4.25.1.tgz 1112ms (cache miss)
858 http fetch GET 200 https://registry.npmjs.org/@jridgewell/resolve-uri/-/resolve-uri-3.1.2.tgz 1118ms (cache miss)
859 http fetch GET 200 https://registry.npmjs.org/semver/-/semver-6.3.1.tgz 1199ms (cache miss)
860 http fetch GET 200 https://registry.npmjs.org/@vitejs/plugin-react/-/plugin-react-4.6.0.tgz 1252ms (cache miss)
861 http fetch GET 200 https://registry.npmjs.org/source-map-js/-/source-map-js-1.2.1.tgz 1346ms (cache miss)
862 http fetch GET 200 https://registry.npmjs.org/electron-to-chromium/-/electron-to-chromium-1.5.179.tgz 1387ms (cache miss)
863 http fetch GET 200 https://registry.npmjs.org/@babel/helper-compilation-targets/-/helper-compilation-targets-7.27.2.tgz 1419ms (cache miss)
864 http fetch GET 200 https://registry.npmjs.org/@babel/template/-/template-7.27.2.tgz 1430ms (cache miss)
865 http fetch GET 200 https://registry.npmjs.org/json5/-/json5-2.2.3.tgz 1493ms (cache miss)
866 http fetch GET 200 https://registry.npmjs.org/@babel/helper-module-transforms/-/helper-module-transforms-7.27.3.tgz 1499ms (cache miss)
867 http fetch GET 200 https://registry.npmjs.org/@jridgewell/sourcemap-codec/-/sourcemap-codec-1.5.4.tgz 1540ms (cache miss)
868 http fetch GET 200 https://registry.npmjs.org/@jridgewell/gen-mapping/-/gen-mapping-0.3.12.tgz 1564ms (cache miss)
869 http fetch GET 200 https://registry.npmjs.org/@babel/parser/-/parser-7.28.0.tgz 1813ms (cache miss)
870 http fetch GET 200 https://registry.npmjs.org/@jridgewell/trace-mapping/-/trace-mapping-0.3.29.tgz 2006ms (cache miss)
871 http fetch GET 200 https://registry.npmjs.org/@babel/generator/-/generator-7.28.0.tgz 2011ms (cache miss)
872 http fetch GET 200 https://registry.npmjs.org/postcss/-/postcss-8.5.6.tgz 2042ms (cache miss)
873 http fetch GET 200 https://registry.npmjs.org/@babel/traverse/-/traverse-7.28.0.tgz 2187ms (cache miss)
874 http fetch GET 200 https://registry.npmjs.org/@babel/core/-/core-7.28.0.tgz 2547ms (cache miss)
875 http fetch GET 200 https://registry.npmjs.org/@babel/types/-/types-7.28.0.tgz 3042ms (cache miss)
876 http fetch GET 200 https://registry.npmjs.org/@babel/helpers/-/helpers-7.27.6.tgz 3291ms (cache miss)
877 http fetch GET 200 https://registry.npmjs.org/caniuse-lite/-/caniuse-lite-1.0.30001727.tgz 5621ms (cache miss)
878 info run esbuild@0.25.5 postinstall node_modules/esbuild node install.js
879 info run esbuild@0.25.5 postinstall { code: 0, signal: null }
880 silly ADD node_modules/@types/estree
881 silly ADD node_modules/@rollup/rollup-win32-x64-msvc
882 silly ADD node_modules/@rollup/rollup-win32-ia32-msvc
883 silly ADD node_modules/@rollup/rollup-win32-arm64-msvc
884 silly ADD node_modules/@rollup/rollup-linux-x64-musl
885 silly ADD node_modules/@rollup/rollup-linux-x64-gnu
886 silly ADD node_modules/@rollup/rollup-linux-s390x-gnu
887 silly ADD node_modules/@rollup/rollup-linux-riscv64-musl
888 silly ADD node_modules/@rollup/rollup-linux-riscv64-gnu
889 silly ADD node_modules/@rollup/rollup-linux-powerpc64le-gnu
890 silly ADD node_modules/@rollup/rollup-linux-loongarch64-gnu
891 silly ADD node_modules/@rollup/rollup-linux-arm64-musl
892 silly ADD node_modules/@rollup/rollup-linux-arm64-gnu
893 silly ADD node_modules/@rollup/rollup-linux-arm-musleabihf
894 silly ADD node_modules/@rollup/rollup-linux-arm-gnueabihf
895 silly ADD node_modules/@rollup/rollup-freebsd-x64
896 silly ADD node_modules/@rollup/rollup-freebsd-arm64
897 silly ADD node_modules/@rollup/rollup-darwin-x64
898 silly ADD node_modules/@rollup/rollup-darwin-arm64
899 silly ADD node_modules/@rollup/rollup-android-arm64
900 silly ADD node_modules/@rollup/rollup-android-arm-eabi
901 silly ADD node_modules/source-map-js
902 silly ADD node_modules/nanoid
903 silly ADD node_modules/@esbuild/win32-x64
904 silly ADD node_modules/@esbuild/win32-ia32
905 silly ADD node_modules/@esbuild/win32-arm64
906 silly ADD node_modules/@esbuild/sunos-x64
907 silly ADD node_modules/@esbuild/openbsd-x64
908 silly ADD node_modules/@esbuild/openbsd-arm64
909 silly ADD node_modules/@esbuild/netbsd-x64
910 silly ADD node_modules/@esbuild/netbsd-arm64
911 silly ADD node_modules/@esbuild/linux-x64
912 silly ADD node_modules/@esbuild/linux-s390x
913 silly ADD node_modules/@esbuild/linux-riscv64
914 silly ADD node_modules/@esbuild/linux-ppc64
915 silly ADD node_modules/@esbuild/linux-mips64el
916 silly ADD node_modules/@esbuild/linux-loong64
917 silly ADD node_modules/@esbuild/linux-ia32
918 silly ADD node_modules/@esbuild/linux-arm64
919 silly ADD node_modules/@esbuild/linux-arm
920 silly ADD node_modules/@esbuild/freebsd-x64
921 silly ADD node_modules/@esbuild/freebsd-arm64
922 silly ADD node_modules/@esbuild/darwin-x64
923 silly ADD node_modules/@esbuild/darwin-arm64
924 silly ADD node_modules/@esbuild/android-x64
925 silly ADD node_modules/@esbuild/android-arm64
926 silly ADD node_modules/@esbuild/android-arm
927 silly ADD node_modules/@esbuild/aix-ppc64
928 silly ADD node_modules/tinyglobby
929 silly ADD node_modules/rollup
930 silly ADD node_modules/postcss
931 silly ADD node_modules/picomatch
932 silly ADD node_modules/fsevents
933 silly ADD node_modules/fdir
934 silly ADD node_modules/esbuild
935 silly ADD node_modules/escalade
936 silly ADD node_modules/yallist
937 silly ADD node_modules/ms
938 silly ADD node_modules/update-browserslist-db
939 silly ADD node_modules/node-releases
940 silly ADD node_modules/electron-to-chromium
941 silly ADD node_modules/caniuse-lite
942 silly ADD node_modules/@types/babel__traverse
943 silly ADD node_modules/@types/babel__template
944 silly ADD node_modules/@types/babel__generator
945 silly ADD node_modules/@jridgewell/resolve-uri
946 silly ADD node_modules/@jridgewell/sourcemap-codec
947 silly ADD node_modules/@babel/helper-string-parser
948 silly ADD node_modules/@babel/helper-globals
949 silly ADD node_modules/@babel/helper-plugin-utils
950 silly ADD node_modules/@babel/helper-module-imports
951 silly ADD node_modules/lru-cache
952 silly ADD node_modules/browserslist
953 silly ADD node_modules/@babel/helper-validator-option
954 silly ADD node_modules/@babel/compat-data
955 silly ADD node_modules/jsesc
956 silly ADD node_modules/picocolors
957 silly ADD node_modules/js-tokens
958 silly ADD node_modules/@babel/helper-validator-identifier
959 silly ADD node_modules/@jridgewell/trace-mapping
960 silly ADD node_modules/@jridgewell/gen-mapping
961 silly ADD node_modules/semver
962 silly ADD node_modules/json5
963 silly ADD node_modules/gensync
964 silly ADD node_modules/debug
965 silly ADD node_modules/convert-source-map
966 silly ADD node_modules/@babel/types
967 silly ADD node_modules/@babel/traverse
968 silly ADD node_modules/@babel/template
969 silly ADD node_modules/@babel/parser
970 silly ADD node_modules/@babel/helpers
971 silly ADD node_modules/@babel/helper-module-transforms
972 silly ADD node_modules/@babel/helper-compilation-targets
973 silly ADD node_modules/@babel/generator
974 silly ADD node_modules/@babel/code-frame
975 silly ADD node_modules/@ampproject/remapping
976 silly ADD node_modules/react-refresh
977 silly ADD node_modules/@types/babel__core
978 silly ADD node_modules/@rolldown/pluginutils
979 silly ADD node_modules/@babel/plugin-transform-react-jsx-source
980 silly ADD node_modules/@babel/plugin-transform-react-jsx-self
981 silly ADD node_modules/@babel/core
982 silly ADD node_modules/vite
983 silly ADD node_modules/@vitejs/plugin-react
984 verbose cwd C:\Users\paradise\Downloads\ts-pokedex
985 verbose os Windows_NT 10.0.26100
986 verbose node v22.15.0
987 verbose npm  v11.3.0
988 verbose exit 0
989 info ok
